Created by PLY version 3.11 (http://www.dabeaz.com/ply)

Grammar

Rule 0     S' -> S
Rule 1     S -> ADVP PUNCTUATION ADVP PUNCTUATION
Rule 2     S -> VP CP PUNCTUATION
Rule 3     S -> ADVP LPAREN INTERJECTIONS NP RPAREN PUNCTUATION
Rule 4     S -> ADVP LPAREN VP RPAREN PUNCTUATION
Rule 5     S -> ADVP PUNCTUATION
Rule 6     S -> VP LPAREN PP RPAREN PUNCTUATION
Rule 7     S -> CP LPAREN CP RPAREN PUNCTUATION
Rule 8     S -> VP VP ADJP LPAREN ADVP RPAREN PUNCTUATION
Rule 9     S -> ADVP VP PP LPAREN ADVP RPAREN PUNCTUATION
Rule 10    S -> VP NP PP PUNCTUATION
Rule 11    S -> VP ADVP ADJP PUNCTUATION
Rule 12    S -> VP LPAREN VP PP RPAREN PUNCTUATION
Rule 13    S -> VP PP ADJP PUNCTUATION
Rule 14    S -> CP VP NP PUNCTUATION
Rule 15    S -> VP VP PUNCTUATION
Rule 16    S -> ADVP PP PUNCTUATION
Rule 17    S -> ADVP LPAREN INTERJECTIONS RPAREN PUNCTUATION
Rule 18    S -> VP LPAREN VP RPAREN PUNCTUATION
Rule 19    S -> ADVP LPAREN INTERJECTIONS NOUNS RPAREN PUNCTUATION
Rule 20    S -> VP VP VP ADJP LPAREN ADVP RPAREN PUNCTUATION
Rule 21    S -> VP CP LPAREN CONJUNCTIONS VP RPAREN PUNCTUATION
Rule 22    S -> VP LPAREN VERBS VERBS PP RPAREN PUNCTUATION
Rule 23    ADVP -> ADVERBS NOUNS
Rule 24    ADVP -> ADVERBS VERBS
Rule 25    ADVP -> ADVERBS VERBS ADJP
Rule 26    ADVP -> ADVERBS VERBS ADVERBS
Rule 27    ADVP -> ADVERBS VERBS ADVERBS NOUNS
Rule 28    ADVP -> ADVERBS PP
Rule 29    ADVP -> ADVERBS VERBS DETERMINANT VERBS NOUNS
Rule 30    VP -> VERBS VERBS ADVERBS
Rule 31    VP -> VERBS ADVERBS
Rule 32    VP -> PRONOUNS VERBS PRONOUNS
Rule 33    VP -> PRONOUNS VERBS
Rule 34    VP -> PRONOUNS VERBS VERBS ADVERBS
Rule 35    VP -> VERBS PRONOUNS ADVERBS
Rule 36    VP -> VERBS ADVERBS VERBS
Rule 37    VP -> PRONOUNS VERBS VERBS ADVERBS NOUNS
Rule 38    VP -> VERBS ADJECTIVES NOUNS
Rule 39    VP -> ARTICLES NOUNS VERBS ADVERBS VERBS VERBS DETERMINANT
Rule 40    VP -> VERBS NOUNS PP
Rule 41    VP -> VERBS ADJECTIVES
Rule 42    VP -> VERBS PRONOUNS NOUNS ARTICLES VERBS
Rule 43    NP -> NOUNS PREPOSITIONS ADJECTIVES
Rule 44    NP -> PRONOUNS NOUNS
Rule 45    NP -> ARTICLES NOUNS
Rule 46    NP -> DETERMINANT NOUNS
Rule 47    PP -> PREPOSITIONS NP VP
Rule 48    PP -> PREPOSITIONS VERBS
Rule 49    PP -> PREPOSITIONS ADJP
Rule 50    PP -> PREPOSITIONS NP
Rule 51    PP -> PREPOSITIONS NOUNS
Rule 52    PP -> PREPOSITIONS PRONOUNS PRONOUNS NOUNS
Rule 53    PP -> PREPOSITIONS ARTICLES NOUNS PREPOSITIONS NOUNS DETERMINANT
Rule 54    PP -> PREPOSITIONS ARTICLES NOUNS
Rule 55    CP -> CONJUNCTIONS VP
Rule 56    CP -> CONJUNCTIONS CONJUNCTIONS
Rule 57    ADJP -> DETERMINANT ADJECTIVES NOUNS
Rule 58    ADJP -> ARTICLES ADJECTIVES NOUNS
Rule 59    ADJP -> DETERMINANT ADJECTIVES
Rule 60    ADJP -> PRONOUNS ADJECTIVES NOUNS
Rule 61    ADJP -> NOUNS ADJECTIVES

Terminals, with rules where they appear

ADJECTIVES           : 38 41 43 57 58 59 60 61
ADVERBS              : 23 24 25 26 26 27 27 28 29 30 31 34 35 36 37 39
ARTICLES             : 39 42 45 53 54 58
CONJUNCTIONS         : 21 55 56 56
DETERMINANT          : 29 39 46 53 57 59
INTERJECTIONS        : 3 17 19
LPAREN               : 3 4 6 7 8 9 12 17 18 19 20 21 22
NOUNS                : 19 23 27 29 37 38 39 40 42 43 44 45 46 51 52 53 53 54 57 58 60 61
PREPOSITIONS         : 43 47 48 49 50 51 52 53 53 54
PRONOUNS             : 32 32 33 34 35 37 42 44 52 52 60
PUNCTUATION          : 1 1 2 3 4 5 6 7 8 9 10 11 12 13 14 15 16 17 18 19 20 21 22
RPAREN               : 3 4 6 7 8 9 12 17 18 19 20 21 22
VERBS                : 22 22 24 25 26 27 29 29 30 30 31 32 33 34 34 35 36 36 37 37 38 39 39 39 40 41 42 42 48
error                : 

Nonterminals, with rules where they appear

ADJP                 : 8 11 13 20 25 49
ADVP                 : 1 1 3 4 5 8 9 9 11 16 17 19 20
CP                   : 2 7 7 14 21
NP                   : 3 10 14 47 50
PP                   : 6 9 10 12 13 16 22 28 40
S                    : 0
VP                   : 2 4 6 8 8 9 10 11 12 12 13 14 15 15 18 18 20 20 20 21 21 22 47 55

Parsing method: LALR

state 0

    (0) S' -> . S
    (1) S -> . ADVP PUNCTUATION ADVP PUNCTUATION
    (2) S -> . VP CP PUNCTUATION
    (3) S -> . ADVP LPAREN INTERJECTIONS NP RPAREN PUNCTUATION
    (4) S -> . ADVP LPAREN VP RPAREN PUNCTUATION
    (5) S -> . ADVP PUNCTUATION
    (6) S -> . VP LPAREN PP RPAREN PUNCTUATION
    (7) S -> . CP LPAREN CP RPAREN PUNCTUATION
    (8) S -> . VP VP ADJP LPAREN ADVP RPAREN PUNCTUATION
    (9) S -> . ADVP VP PP LPAREN ADVP RPAREN PUNCTUATION
    (10) S -> . VP NP PP PUNCTUATION
    (11) S -> . VP ADVP ADJP PUNCTUATION
    (12) S -> . VP LPAREN VP PP RPAREN PUNCTUATION
    (13) S -> . VP PP ADJP PUNCTUATION
    (14) S -> . CP VP NP PUNCTUATION
    (15) S -> . VP VP PUNCTUATION
    (16) S -> . ADVP PP PUNCTUATION
    (17) S -> . ADVP LPAREN INTERJECTIONS RPAREN PUNCTUATION
    (18) S -> . VP LPAREN VP RPAREN PUNCTUATION
    (19) S -> . ADVP LPAREN INTERJECTIONS NOUNS RPAREN PUNCTUATION
    (20) S -> . VP VP VP ADJP LPAREN ADVP RPAREN PUNCTUATION
    (21) S -> . VP CP LPAREN CONJUNCTIONS VP RPAREN PUNCTUATION
    (22) S -> . VP LPAREN VERBS VERBS PP RPAREN PUNCTUATION
    (23) ADVP -> . ADVERBS NOUNS
    (24) ADVP -> . ADVERBS VERBS
    (25) ADVP -> . ADVERBS VERBS ADJP
    (26) ADVP -> . ADVERBS VERBS ADVERBS
    (27) ADVP -> . ADVERBS VERBS ADVERBS NOUNS
    (28) ADVP -> . ADVERBS PP
    (29) ADVP -> . ADVERBS VERBS DETERMINANT VERBS NOUNS
    (30) VP -> . VERBS VERBS ADVERBS
    (31) VP -> . VERBS ADVERBS
    (32) VP -> . PRONOUNS VERBS PRONOUNS
    (33) VP -> . PRONOUNS VERBS
    (34) VP -> . PRONOUNS VERBS VERBS ADVERBS
    (35) VP -> . VERBS PRONOUNS ADVERBS
    (36) VP -> . VERBS ADVERBS VERBS
    (37) VP -> . PRONOUNS VERBS VERBS ADVERBS NOUNS
    (38) VP -> . VERBS ADJECTIVES NOUNS
    (39) VP -> . ARTICLES NOUNS VERBS ADVERBS VERBS VERBS DETERMINANT
    (40) VP -> . VERBS NOUNS PP
    (41) VP -> . VERBS ADJECTIVES
    (42) VP -> . VERBS PRONOUNS NOUNS ARTICLES VERBS
    (55) CP -> . CONJUNCTIONS VP
    (56) CP -> . CONJUNCTIONS CONJUNCTIONS

    ADVERBS         shift and go to state 7
    VERBS           shift and go to state 6
    PRONOUNS        shift and go to state 8
    ARTICLES        shift and go to state 9
    CONJUNCTIONS    shift and go to state 5

    S                              shift and go to state 1
    ADVP                           shift and go to state 2
    VP                             shift and go to state 3
    CP                             shift and go to state 4

state 1

    (0) S' -> S .



state 2

    (1) S -> ADVP . PUNCTUATION ADVP PUNCTUATION
    (3) S -> ADVP . LPAREN INTERJECTIONS NP RPAREN PUNCTUATION
    (4) S -> ADVP . LPAREN VP RPAREN PUNCTUATION
    (5) S -> ADVP . PUNCTUATION
    (9) S -> ADVP . VP PP LPAREN ADVP RPAREN PUNCTUATION
    (16) S -> ADVP . PP PUNCTUATION
    (17) S -> ADVP . LPAREN INTERJECTIONS RPAREN PUNCTUATION
    (19) S -> ADVP . LPAREN INTERJECTIONS NOUNS RPAREN PUNCTUATION
    (30) VP -> . VERBS VERBS ADVERBS
    (31) VP -> . VERBS ADVERBS
    (32) VP -> . PRONOUNS VERBS PRONOUNS
    (33) VP -> . PRONOUNS VERBS
    (34) VP -> . PRONOUNS VERBS VERBS ADVERBS
    (35) VP -> . VERBS PRONOUNS ADVERBS
    (36) VP -> . VERBS ADVERBS VERBS
    (37) VP -> . PRONOUNS VERBS VERBS ADVERBS NOUNS
    (38) VP -> . VERBS ADJECTIVES NOUNS
    (39) VP -> . ARTICLES NOUNS VERBS ADVERBS VERBS VERBS DETERMINANT
    (40) VP -> . VERBS NOUNS PP
    (41) VP -> . VERBS ADJECTIVES
    (42) VP -> . VERBS PRONOUNS NOUNS ARTICLES VERBS
    (47) PP -> . PREPOSITIONS NP VP
    (48) PP -> . PREPOSITIONS VERBS
    (49) PP -> . PREPOSITIONS ADJP
    (50) PP -> . PREPOSITIONS NP
    (51) PP -> . PREPOSITIONS NOUNS
    (52) PP -> . PREPOSITIONS PRONOUNS PRONOUNS NOUNS
    (53) PP -> . PREPOSITIONS ARTICLES NOUNS PREPOSITIONS NOUNS DETERMINANT
    (54) PP -> . PREPOSITIONS ARTICLES NOUNS

    PUNCTUATION     shift and go to state 10
    LPAREN          shift and go to state 11
    VERBS           shift and go to state 6
    PRONOUNS        shift and go to state 8
    ARTICLES        shift and go to state 9
    PREPOSITIONS    shift and go to state 14

    VP                             shift and go to state 12
    PP                             shift and go to state 13

state 3

    (2) S -> VP . CP PUNCTUATION
    (6) S -> VP . LPAREN PP RPAREN PUNCTUATION
    (8) S -> VP . VP ADJP LPAREN ADVP RPAREN PUNCTUATION
    (10) S -> VP . NP PP PUNCTUATION
    (11) S -> VP . ADVP ADJP PUNCTUATION
    (12) S -> VP . LPAREN VP PP RPAREN PUNCTUATION
    (13) S -> VP . PP ADJP PUNCTUATION
    (15) S -> VP . VP PUNCTUATION
    (18) S -> VP . LPAREN VP RPAREN PUNCTUATION
    (20) S -> VP . VP VP ADJP LPAREN ADVP RPAREN PUNCTUATION
    (21) S -> VP . CP LPAREN CONJUNCTIONS VP RPAREN PUNCTUATION
    (22) S -> VP . LPAREN VERBS VERBS PP RPAREN PUNCTUATION
    (55) CP -> . CONJUNCTIONS VP
    (56) CP -> . CONJUNCTIONS CONJUNCTIONS
    (30) VP -> . VERBS VERBS ADVERBS
    (31) VP -> . VERBS ADVERBS
    (32) VP -> . PRONOUNS VERBS PRONOUNS
    (33) VP -> . PRONOUNS VERBS
    (34) VP -> . PRONOUNS VERBS VERBS ADVERBS
    (35) VP -> . VERBS PRONOUNS ADVERBS
    (36) VP -> . VERBS ADVERBS VERBS
    (37) VP -> . PRONOUNS VERBS VERBS ADVERBS NOUNS
    (38) VP -> . VERBS ADJECTIVES NOUNS
    (39) VP -> . ARTICLES NOUNS VERBS ADVERBS VERBS VERBS DETERMINANT
    (40) VP -> . VERBS NOUNS PP
    (41) VP -> . VERBS ADJECTIVES
    (42) VP -> . VERBS PRONOUNS NOUNS ARTICLES VERBS
    (43) NP -> . NOUNS PREPOSITIONS ADJECTIVES
    (44) NP -> . PRONOUNS NOUNS
    (45) NP -> . ARTICLES NOUNS
    (46) NP -> . DETERMINANT NOUNS
    (23) ADVP -> . ADVERBS NOUNS
    (24) ADVP -> . ADVERBS VERBS
    (25) ADVP -> . ADVERBS VERBS ADJP
    (26) ADVP -> . ADVERBS VERBS ADVERBS
    (27) ADVP -> . ADVERBS VERBS ADVERBS NOUNS
    (28) ADVP -> . ADVERBS PP
    (29) ADVP -> . ADVERBS VERBS DETERMINANT VERBS NOUNS
    (47) PP -> . PREPOSITIONS NP VP
    (48) PP -> . PREPOSITIONS VERBS
    (49) PP -> . PREPOSITIONS ADJP
    (50) PP -> . PREPOSITIONS NP
    (51) PP -> . PREPOSITIONS NOUNS
    (52) PP -> . PREPOSITIONS PRONOUNS PRONOUNS NOUNS
    (53) PP -> . PREPOSITIONS ARTICLES NOUNS PREPOSITIONS NOUNS DETERMINANT
    (54) PP -> . PREPOSITIONS ARTICLES NOUNS

    LPAREN          shift and go to state 17
    CONJUNCTIONS    shift and go to state 5
    VERBS           shift and go to state 6
    PRONOUNS        shift and go to state 21
    ARTICLES        shift and go to state 23
    NOUNS           shift and go to state 22
    DETERMINANT     shift and go to state 24
    ADVERBS         shift and go to state 7
    PREPOSITIONS    shift and go to state 14

    VP                             shift and go to state 15
    CP                             shift and go to state 16
    PP                             shift and go to state 18
    ADVP                           shift and go to state 19
    NP                             shift and go to state 20

state 4

    (7) S -> CP . LPAREN CP RPAREN PUNCTUATION
    (14) S -> CP . VP NP PUNCTUATION
    (30) VP -> . VERBS VERBS ADVERBS
    (31) VP -> . VERBS ADVERBS
    (32) VP -> . PRONOUNS VERBS PRONOUNS
    (33) VP -> . PRONOUNS VERBS
    (34) VP -> . PRONOUNS VERBS VERBS ADVERBS
    (35) VP -> . VERBS PRONOUNS ADVERBS
    (36) VP -> . VERBS ADVERBS VERBS
    (37) VP -> . PRONOUNS VERBS VERBS ADVERBS NOUNS
    (38) VP -> . VERBS ADJECTIVES NOUNS
    (39) VP -> . ARTICLES NOUNS VERBS ADVERBS VERBS VERBS DETERMINANT
    (40) VP -> . VERBS NOUNS PP
    (41) VP -> . VERBS ADJECTIVES
    (42) VP -> . VERBS PRONOUNS NOUNS ARTICLES VERBS

    LPAREN          shift and go to state 25
    VERBS           shift and go to state 6
    PRONOUNS        shift and go to state 8
    ARTICLES        shift and go to state 9

    VP                             shift and go to state 26

state 5

    (55) CP -> CONJUNCTIONS . VP
    (56) CP -> CONJUNCTIONS . CONJUNCTIONS
    (30) VP -> . VERBS VERBS ADVERBS
    (31) VP -> . VERBS ADVERBS
    (32) VP -> . PRONOUNS VERBS PRONOUNS
    (33) VP -> . PRONOUNS VERBS
    (34) VP -> . PRONOUNS VERBS VERBS ADVERBS
    (35) VP -> . VERBS PRONOUNS ADVERBS
    (36) VP -> . VERBS ADVERBS VERBS
    (37) VP -> . PRONOUNS VERBS VERBS ADVERBS NOUNS
    (38) VP -> . VERBS ADJECTIVES NOUNS
    (39) VP -> . ARTICLES NOUNS VERBS ADVERBS VERBS VERBS DETERMINANT
    (40) VP -> . VERBS NOUNS PP
    (41) VP -> . VERBS ADJECTIVES
    (42) VP -> . VERBS PRONOUNS NOUNS ARTICLES VERBS

    CONJUNCTIONS    shift and go to state 27
    VERBS           shift and go to state 6
    PRONOUNS        shift and go to state 8
    ARTICLES        shift and go to state 9

    VP                             shift and go to state 28

state 6

    (30) VP -> VERBS . VERBS ADVERBS
    (31) VP -> VERBS . ADVERBS
    (35) VP -> VERBS . PRONOUNS ADVERBS
    (36) VP -> VERBS . ADVERBS VERBS
    (38) VP -> VERBS . ADJECTIVES NOUNS
    (40) VP -> VERBS . NOUNS PP
    (41) VP -> VERBS . ADJECTIVES
    (42) VP -> VERBS . PRONOUNS NOUNS ARTICLES VERBS

    VERBS           shift and go to state 29
    ADVERBS         shift and go to state 30
    PRONOUNS        shift and go to state 31
    ADJECTIVES      shift and go to state 32
    NOUNS           shift and go to state 33


state 7

    (23) ADVP -> ADVERBS . NOUNS
    (24) ADVP -> ADVERBS . VERBS
    (25) ADVP -> ADVERBS . VERBS ADJP
    (26) ADVP -> ADVERBS . VERBS ADVERBS
    (27) ADVP -> ADVERBS . VERBS ADVERBS NOUNS
    (28) ADVP -> ADVERBS . PP
    (29) ADVP -> ADVERBS . VERBS DETERMINANT VERBS NOUNS
    (47) PP -> . PREPOSITIONS NP VP
    (48) PP -> . PREPOSITIONS VERBS
    (49) PP -> . PREPOSITIONS ADJP
    (50) PP -> . PREPOSITIONS NP
    (51) PP -> . PREPOSITIONS NOUNS
    (52) PP -> . PREPOSITIONS PRONOUNS PRONOUNS NOUNS
    (53) PP -> . PREPOSITIONS ARTICLES NOUNS PREPOSITIONS NOUNS DETERMINANT
    (54) PP -> . PREPOSITIONS ARTICLES NOUNS

    NOUNS           shift and go to state 34
    VERBS           shift and go to state 35
    PREPOSITIONS    shift and go to state 14

    PP                             shift and go to state 36

state 8

    (32) VP -> PRONOUNS . VERBS PRONOUNS
    (33) VP -> PRONOUNS . VERBS
    (34) VP -> PRONOUNS . VERBS VERBS ADVERBS
    (37) VP -> PRONOUNS . VERBS VERBS ADVERBS NOUNS

    VERBS           shift and go to state 37


state 9

    (39) VP -> ARTICLES . NOUNS VERBS ADVERBS VERBS VERBS DETERMINANT

    NOUNS           shift and go to state 38


state 10

    (1) S -> ADVP PUNCTUATION . ADVP PUNCTUATION
    (5) S -> ADVP PUNCTUATION .
    (23) ADVP -> . ADVERBS NOUNS
    (24) ADVP -> . ADVERBS VERBS
    (25) ADVP -> . ADVERBS VERBS ADJP
    (26) ADVP -> . ADVERBS VERBS ADVERBS
    (27) ADVP -> . ADVERBS VERBS ADVERBS NOUNS
    (28) ADVP -> . ADVERBS PP
    (29) ADVP -> . ADVERBS VERBS DETERMINANT VERBS NOUNS

    $end            reduce using rule 5 (S -> ADVP PUNCTUATION .)
    ADVERBS         shift and go to state 7

    ADVP                           shift and go to state 39

state 11

    (3) S -> ADVP LPAREN . INTERJECTIONS NP RPAREN PUNCTUATION
    (4) S -> ADVP LPAREN . VP RPAREN PUNCTUATION
    (17) S -> ADVP LPAREN . INTERJECTIONS RPAREN PUNCTUATION
    (19) S -> ADVP LPAREN . INTERJECTIONS NOUNS RPAREN PUNCTUATION
    (30) VP -> . VERBS VERBS ADVERBS
    (31) VP -> . VERBS ADVERBS
    (32) VP -> . PRONOUNS VERBS PRONOUNS
    (33) VP -> . PRONOUNS VERBS
    (34) VP -> . PRONOUNS VERBS VERBS ADVERBS
    (35) VP -> . VERBS PRONOUNS ADVERBS
    (36) VP -> . VERBS ADVERBS VERBS
    (37) VP -> . PRONOUNS VERBS VERBS ADVERBS NOUNS
    (38) VP -> . VERBS ADJECTIVES NOUNS
    (39) VP -> . ARTICLES NOUNS VERBS ADVERBS VERBS VERBS DETERMINANT
    (40) VP -> . VERBS NOUNS PP
    (41) VP -> . VERBS ADJECTIVES
    (42) VP -> . VERBS PRONOUNS NOUNS ARTICLES VERBS

    INTERJECTIONS   shift and go to state 40
    VERBS           shift and go to state 6
    PRONOUNS        shift and go to state 8
    ARTICLES        shift and go to state 9

    VP                             shift and go to state 41

state 12

    (9) S -> ADVP VP . PP LPAREN ADVP RPAREN PUNCTUATION
    (47) PP -> . PREPOSITIONS NP VP
    (48) PP -> . PREPOSITIONS VERBS
    (49) PP -> . PREPOSITIONS ADJP
    (50) PP -> . PREPOSITIONS NP
    (51) PP -> . PREPOSITIONS NOUNS
    (52) PP -> . PREPOSITIONS PRONOUNS PRONOUNS NOUNS
    (53) PP -> . PREPOSITIONS ARTICLES NOUNS PREPOSITIONS NOUNS DETERMINANT
    (54) PP -> . PREPOSITIONS ARTICLES NOUNS

    PREPOSITIONS    shift and go to state 14

    PP                             shift and go to state 42

state 13

    (16) S -> ADVP PP . PUNCTUATION

    PUNCTUATION     shift and go to state 43


state 14

    (47) PP -> PREPOSITIONS . NP VP
    (48) PP -> PREPOSITIONS . VERBS
    (49) PP -> PREPOSITIONS . ADJP
    (50) PP -> PREPOSITIONS . NP
    (51) PP -> PREPOSITIONS . NOUNS
    (52) PP -> PREPOSITIONS . PRONOUNS PRONOUNS NOUNS
    (53) PP -> PREPOSITIONS . ARTICLES NOUNS PREPOSITIONS NOUNS DETERMINANT
    (54) PP -> PREPOSITIONS . ARTICLES NOUNS
    (43) NP -> . NOUNS PREPOSITIONS ADJECTIVES
    (44) NP -> . PRONOUNS NOUNS
    (45) NP -> . ARTICLES NOUNS
    (46) NP -> . DETERMINANT NOUNS
    (57) ADJP -> . DETERMINANT ADJECTIVES NOUNS
    (58) ADJP -> . ARTICLES ADJECTIVES NOUNS
    (59) ADJP -> . DETERMINANT ADJECTIVES
    (60) ADJP -> . PRONOUNS ADJECTIVES NOUNS
    (61) ADJP -> . NOUNS ADJECTIVES

    VERBS           shift and go to state 45
    NOUNS           shift and go to state 47
    PRONOUNS        shift and go to state 48
    ARTICLES        shift and go to state 49
    DETERMINANT     shift and go to state 50

    NP                             shift and go to state 44
    ADJP                           shift and go to state 46

state 15

    (8) S -> VP VP . ADJP LPAREN ADVP RPAREN PUNCTUATION
    (15) S -> VP VP . PUNCTUATION
    (20) S -> VP VP . VP ADJP LPAREN ADVP RPAREN PUNCTUATION
    (57) ADJP -> . DETERMINANT ADJECTIVES NOUNS
    (58) ADJP -> . ARTICLES ADJECTIVES NOUNS
    (59) ADJP -> . DETERMINANT ADJECTIVES
    (60) ADJP -> . PRONOUNS ADJECTIVES NOUNS
    (61) ADJP -> . NOUNS ADJECTIVES
    (30) VP -> . VERBS VERBS ADVERBS
    (31) VP -> . VERBS ADVERBS
    (32) VP -> . PRONOUNS VERBS PRONOUNS
    (33) VP -> . PRONOUNS VERBS
    (34) VP -> . PRONOUNS VERBS VERBS ADVERBS
    (35) VP -> . VERBS PRONOUNS ADVERBS
    (36) VP -> . VERBS ADVERBS VERBS
    (37) VP -> . PRONOUNS VERBS VERBS ADVERBS NOUNS
    (38) VP -> . VERBS ADJECTIVES NOUNS
    (39) VP -> . ARTICLES NOUNS VERBS ADVERBS VERBS VERBS DETERMINANT
    (40) VP -> . VERBS NOUNS PP
    (41) VP -> . VERBS ADJECTIVES
    (42) VP -> . VERBS PRONOUNS NOUNS ARTICLES VERBS

    PUNCTUATION     shift and go to state 53
    DETERMINANT     shift and go to state 54
    ARTICLES        shift and go to state 56
    PRONOUNS        shift and go to state 57
    NOUNS           shift and go to state 55
    VERBS           shift and go to state 6

    VP                             shift and go to state 51
    ADJP                           shift and go to state 52

state 16

    (2) S -> VP CP . PUNCTUATION
    (21) S -> VP CP . LPAREN CONJUNCTIONS VP RPAREN PUNCTUATION

    PUNCTUATION     shift and go to state 58
    LPAREN          shift and go to state 59


state 17

    (6) S -> VP LPAREN . PP RPAREN PUNCTUATION
    (12) S -> VP LPAREN . VP PP RPAREN PUNCTUATION
    (18) S -> VP LPAREN . VP RPAREN PUNCTUATION
    (22) S -> VP LPAREN . VERBS VERBS PP RPAREN PUNCTUATION
    (47) PP -> . PREPOSITIONS NP VP
    (48) PP -> . PREPOSITIONS VERBS
    (49) PP -> . PREPOSITIONS ADJP
    (50) PP -> . PREPOSITIONS NP
    (51) PP -> . PREPOSITIONS NOUNS
    (52) PP -> . PREPOSITIONS PRONOUNS PRONOUNS NOUNS
    (53) PP -> . PREPOSITIONS ARTICLES NOUNS PREPOSITIONS NOUNS DETERMINANT
    (54) PP -> . PREPOSITIONS ARTICLES NOUNS
    (30) VP -> . VERBS VERBS ADVERBS
    (31) VP -> . VERBS ADVERBS
    (32) VP -> . PRONOUNS VERBS PRONOUNS
    (33) VP -> . PRONOUNS VERBS
    (34) VP -> . PRONOUNS VERBS VERBS ADVERBS
    (35) VP -> . VERBS PRONOUNS ADVERBS
    (36) VP -> . VERBS ADVERBS VERBS
    (37) VP -> . PRONOUNS VERBS VERBS ADVERBS NOUNS
    (38) VP -> . VERBS ADJECTIVES NOUNS
    (39) VP -> . ARTICLES NOUNS VERBS ADVERBS VERBS VERBS DETERMINANT
    (40) VP -> . VERBS NOUNS PP
    (41) VP -> . VERBS ADJECTIVES
    (42) VP -> . VERBS PRONOUNS NOUNS ARTICLES VERBS

    VERBS           shift and go to state 62
    PREPOSITIONS    shift and go to state 14
    PRONOUNS        shift and go to state 8
    ARTICLES        shift and go to state 9

    VP                             shift and go to state 60
    PP                             shift and go to state 61

state 18

    (13) S -> VP PP . ADJP PUNCTUATION
    (57) ADJP -> . DETERMINANT ADJECTIVES NOUNS
    (58) ADJP -> . ARTICLES ADJECTIVES NOUNS
    (59) ADJP -> . DETERMINANT ADJECTIVES
    (60) ADJP -> . PRONOUNS ADJECTIVES NOUNS
    (61) ADJP -> . NOUNS ADJECTIVES

    DETERMINANT     shift and go to state 54
    ARTICLES        shift and go to state 64
    PRONOUNS        shift and go to state 65
    NOUNS           shift and go to state 55

    ADJP                           shift and go to state 63

state 19

    (11) S -> VP ADVP . ADJP PUNCTUATION
    (57) ADJP -> . DETERMINANT ADJECTIVES NOUNS
    (58) ADJP -> . ARTICLES ADJECTIVES NOUNS
    (59) ADJP -> . DETERMINANT ADJECTIVES
    (60) ADJP -> . PRONOUNS ADJECTIVES NOUNS
    (61) ADJP -> . NOUNS ADJECTIVES

    DETERMINANT     shift and go to state 54
    ARTICLES        shift and go to state 64
    PRONOUNS        shift and go to state 65
    NOUNS           shift and go to state 55

    ADJP                           shift and go to state 66

state 20

    (10) S -> VP NP . PP PUNCTUATION
    (47) PP -> . PREPOSITIONS NP VP
    (48) PP -> . PREPOSITIONS VERBS
    (49) PP -> . PREPOSITIONS ADJP
    (50) PP -> . PREPOSITIONS NP
    (51) PP -> . PREPOSITIONS NOUNS
    (52) PP -> . PREPOSITIONS PRONOUNS PRONOUNS NOUNS
    (53) PP -> . PREPOSITIONS ARTICLES NOUNS PREPOSITIONS NOUNS DETERMINANT
    (54) PP -> . PREPOSITIONS ARTICLES NOUNS

    PREPOSITIONS    shift and go to state 14

    PP                             shift and go to state 67

state 21

    (32) VP -> PRONOUNS . VERBS PRONOUNS
    (33) VP -> PRONOUNS . VERBS
    (34) VP -> PRONOUNS . VERBS VERBS ADVERBS
    (37) VP -> PRONOUNS . VERBS VERBS ADVERBS NOUNS
    (44) NP -> PRONOUNS . NOUNS

    VERBS           shift and go to state 37
    NOUNS           shift and go to state 68


state 22

    (43) NP -> NOUNS . PREPOSITIONS ADJECTIVES

    PREPOSITIONS    shift and go to state 69


state 23

    (39) VP -> ARTICLES . NOUNS VERBS ADVERBS VERBS VERBS DETERMINANT
    (45) NP -> ARTICLES . NOUNS

    NOUNS           shift and go to state 70


state 24

    (46) NP -> DETERMINANT . NOUNS

    NOUNS           shift and go to state 71


state 25

    (7) S -> CP LPAREN . CP RPAREN PUNCTUATION
    (55) CP -> . CONJUNCTIONS VP
    (56) CP -> . CONJUNCTIONS CONJUNCTIONS

    CONJUNCTIONS    shift and go to state 5

    CP                             shift and go to state 72

state 26

    (14) S -> CP VP . NP PUNCTUATION
    (43) NP -> . NOUNS PREPOSITIONS ADJECTIVES
    (44) NP -> . PRONOUNS NOUNS
    (45) NP -> . ARTICLES NOUNS
    (46) NP -> . DETERMINANT NOUNS

    NOUNS           shift and go to state 22
    PRONOUNS        shift and go to state 74
    ARTICLES        shift and go to state 75
    DETERMINANT     shift and go to state 24

    NP                             shift and go to state 73

state 27

    (56) CP -> CONJUNCTIONS CONJUNCTIONS .

    LPAREN          reduce using rule 56 (CP -> CONJUNCTIONS CONJUNCTIONS .)
    VERBS           reduce using rule 56 (CP -> CONJUNCTIONS CONJUNCTIONS .)
    PRONOUNS        reduce using rule 56 (CP -> CONJUNCTIONS CONJUNCTIONS .)
    ARTICLES        reduce using rule 56 (CP -> CONJUNCTIONS CONJUNCTIONS .)
    PUNCTUATION     reduce using rule 56 (CP -> CONJUNCTIONS CONJUNCTIONS .)
    RPAREN          reduce using rule 56 (CP -> CONJUNCTIONS CONJUNCTIONS .)


state 28

    (55) CP -> CONJUNCTIONS VP .

    LPAREN          reduce using rule 55 (CP -> CONJUNCTIONS VP .)
    VERBS           reduce using rule 55 (CP -> CONJUNCTIONS VP .)
    PRONOUNS        reduce using rule 55 (CP -> CONJUNCTIONS VP .)
    ARTICLES        reduce using rule 55 (CP -> CONJUNCTIONS VP .)
    PUNCTUATION     reduce using rule 55 (CP -> CONJUNCTIONS VP .)
    RPAREN          reduce using rule 55 (CP -> CONJUNCTIONS VP .)


state 29

    (30) VP -> VERBS VERBS . ADVERBS

    ADVERBS         shift and go to state 76


state 30

    (31) VP -> VERBS ADVERBS .
    (36) VP -> VERBS ADVERBS . VERBS

  ! shift/reduce conflict for VERBS resolved as shift
    LPAREN          reduce using rule 31 (VP -> VERBS ADVERBS .)
    CONJUNCTIONS    reduce using rule 31 (VP -> VERBS ADVERBS .)
    PRONOUNS        reduce using rule 31 (VP -> VERBS ADVERBS .)
    ARTICLES        reduce using rule 31 (VP -> VERBS ADVERBS .)
    NOUNS           reduce using rule 31 (VP -> VERBS ADVERBS .)
    DETERMINANT     reduce using rule 31 (VP -> VERBS ADVERBS .)
    ADVERBS         reduce using rule 31 (VP -> VERBS ADVERBS .)
    PREPOSITIONS    reduce using rule 31 (VP -> VERBS ADVERBS .)
    PUNCTUATION     reduce using rule 31 (VP -> VERBS ADVERBS .)
    RPAREN          reduce using rule 31 (VP -> VERBS ADVERBS .)
    VERBS           shift and go to state 77

  ! VERBS           [ reduce using rule 31 (VP -> VERBS ADVERBS .) ]


state 31

    (35) VP -> VERBS PRONOUNS . ADVERBS
    (42) VP -> VERBS PRONOUNS . NOUNS ARTICLES VERBS

    ADVERBS         shift and go to state 78
    NOUNS           shift and go to state 79


state 32

    (38) VP -> VERBS ADJECTIVES . NOUNS
    (41) VP -> VERBS ADJECTIVES .

  ! shift/reduce conflict for NOUNS resolved as shift
    NOUNS           shift and go to state 80
    LPAREN          reduce using rule 41 (VP -> VERBS ADJECTIVES .)
    CONJUNCTIONS    reduce using rule 41 (VP -> VERBS ADJECTIVES .)
    VERBS           reduce using rule 41 (VP -> VERBS ADJECTIVES .)
    PRONOUNS        reduce using rule 41 (VP -> VERBS ADJECTIVES .)
    ARTICLES        reduce using rule 41 (VP -> VERBS ADJECTIVES .)
    DETERMINANT     reduce using rule 41 (VP -> VERBS ADJECTIVES .)
    ADVERBS         reduce using rule 41 (VP -> VERBS ADJECTIVES .)
    PREPOSITIONS    reduce using rule 41 (VP -> VERBS ADJECTIVES .)
    PUNCTUATION     reduce using rule 41 (VP -> VERBS ADJECTIVES .)
    RPAREN          reduce using rule 41 (VP -> VERBS ADJECTIVES .)

  ! NOUNS           [ reduce using rule 41 (VP -> VERBS ADJECTIVES .) ]


state 33

    (40) VP -> VERBS NOUNS . PP
    (47) PP -> . PREPOSITIONS NP VP
    (48) PP -> . PREPOSITIONS VERBS
    (49) PP -> . PREPOSITIONS ADJP
    (50) PP -> . PREPOSITIONS NP
    (51) PP -> . PREPOSITIONS NOUNS
    (52) PP -> . PREPOSITIONS PRONOUNS PRONOUNS NOUNS
    (53) PP -> . PREPOSITIONS ARTICLES NOUNS PREPOSITIONS NOUNS DETERMINANT
    (54) PP -> . PREPOSITIONS ARTICLES NOUNS

    PREPOSITIONS    shift and go to state 14

    PP                             shift and go to state 81

state 34

    (23) ADVP -> ADVERBS NOUNS .

    PUNCTUATION     reduce using rule 23 (ADVP -> ADVERBS NOUNS .)
    LPAREN          reduce using rule 23 (ADVP -> ADVERBS NOUNS .)
    VERBS           reduce using rule 23 (ADVP -> ADVERBS NOUNS .)
    PRONOUNS        reduce using rule 23 (ADVP -> ADVERBS NOUNS .)
    ARTICLES        reduce using rule 23 (ADVP -> ADVERBS NOUNS .)
    PREPOSITIONS    reduce using rule 23 (ADVP -> ADVERBS NOUNS .)
    DETERMINANT     reduce using rule 23 (ADVP -> ADVERBS NOUNS .)
    NOUNS           reduce using rule 23 (ADVP -> ADVERBS NOUNS .)
    RPAREN          reduce using rule 23 (ADVP -> ADVERBS NOUNS .)


state 35

    (24) ADVP -> ADVERBS VERBS .
    (25) ADVP -> ADVERBS VERBS . ADJP
    (26) ADVP -> ADVERBS VERBS . ADVERBS
    (27) ADVP -> ADVERBS VERBS . ADVERBS NOUNS
    (29) ADVP -> ADVERBS VERBS . DETERMINANT VERBS NOUNS
    (57) ADJP -> . DETERMINANT ADJECTIVES NOUNS
    (58) ADJP -> . ARTICLES ADJECTIVES NOUNS
    (59) ADJP -> . DETERMINANT ADJECTIVES
    (60) ADJP -> . PRONOUNS ADJECTIVES NOUNS
    (61) ADJP -> . NOUNS ADJECTIVES

  ! shift/reduce conflict for DETERMINANT resolved as shift
  ! shift/reduce conflict for ARTICLES resolved as shift
  ! shift/reduce conflict for PRONOUNS resolved as shift
  ! shift/reduce conflict for NOUNS resolved as shift
    PUNCTUATION     reduce using rule 24 (ADVP -> ADVERBS VERBS .)
    LPAREN          reduce using rule 24 (ADVP -> ADVERBS VERBS .)
    VERBS           reduce using rule 24 (ADVP -> ADVERBS VERBS .)
    PREPOSITIONS    reduce using rule 24 (ADVP -> ADVERBS VERBS .)
    RPAREN          reduce using rule 24 (ADVP -> ADVERBS VERBS .)
    ADVERBS         shift and go to state 82
    DETERMINANT     shift and go to state 84
    ARTICLES        shift and go to state 64
    PRONOUNS        shift and go to state 65
    NOUNS           shift and go to state 55

  ! PRONOUNS        [ reduce using rule 24 (ADVP -> ADVERBS VERBS .) ]
  ! ARTICLES        [ reduce using rule 24 (ADVP -> ADVERBS VERBS .) ]
  ! DETERMINANT     [ reduce using rule 24 (ADVP -> ADVERBS VERBS .) ]
  ! NOUNS           [ reduce using rule 24 (ADVP -> ADVERBS VERBS .) ]

    ADJP                           shift and go to state 83

state 36

    (28) ADVP -> ADVERBS PP .

    PUNCTUATION     reduce using rule 28 (ADVP -> ADVERBS PP .)
    LPAREN          reduce using rule 28 (ADVP -> ADVERBS PP .)
    VERBS           reduce using rule 28 (ADVP -> ADVERBS PP .)
    PRONOUNS        reduce using rule 28 (ADVP -> ADVERBS PP .)
    ARTICLES        reduce using rule 28 (ADVP -> ADVERBS PP .)
    PREPOSITIONS    reduce using rule 28 (ADVP -> ADVERBS PP .)
    DETERMINANT     reduce using rule 28 (ADVP -> ADVERBS PP .)
    NOUNS           reduce using rule 28 (ADVP -> ADVERBS PP .)
    RPAREN          reduce using rule 28 (ADVP -> ADVERBS PP .)


state 37

    (32) VP -> PRONOUNS VERBS . PRONOUNS
    (33) VP -> PRONOUNS VERBS .
    (34) VP -> PRONOUNS VERBS . VERBS ADVERBS
    (37) VP -> PRONOUNS VERBS . VERBS ADVERBS NOUNS

  ! shift/reduce conflict for PRONOUNS resolved as shift
  ! shift/reduce conflict for VERBS resolved as shift
    PRONOUNS        shift and go to state 85
    LPAREN          reduce using rule 33 (VP -> PRONOUNS VERBS .)
    CONJUNCTIONS    reduce using rule 33 (VP -> PRONOUNS VERBS .)
    ARTICLES        reduce using rule 33 (VP -> PRONOUNS VERBS .)
    NOUNS           reduce using rule 33 (VP -> PRONOUNS VERBS .)
    DETERMINANT     reduce using rule 33 (VP -> PRONOUNS VERBS .)
    ADVERBS         reduce using rule 33 (VP -> PRONOUNS VERBS .)
    PREPOSITIONS    reduce using rule 33 (VP -> PRONOUNS VERBS .)
    PUNCTUATION     reduce using rule 33 (VP -> PRONOUNS VERBS .)
    RPAREN          reduce using rule 33 (VP -> PRONOUNS VERBS .)
    VERBS           shift and go to state 86

  ! VERBS           [ reduce using rule 33 (VP -> PRONOUNS VERBS .) ]
  ! PRONOUNS        [ reduce using rule 33 (VP -> PRONOUNS VERBS .) ]


state 38

    (39) VP -> ARTICLES NOUNS . VERBS ADVERBS VERBS VERBS DETERMINANT

    VERBS           shift and go to state 87


state 39

    (1) S -> ADVP PUNCTUATION ADVP . PUNCTUATION

    PUNCTUATION     shift and go to state 88


state 40

    (3) S -> ADVP LPAREN INTERJECTIONS . NP RPAREN PUNCTUATION
    (17) S -> ADVP LPAREN INTERJECTIONS . RPAREN PUNCTUATION
    (19) S -> ADVP LPAREN INTERJECTIONS . NOUNS RPAREN PUNCTUATION
    (43) NP -> . NOUNS PREPOSITIONS ADJECTIVES
    (44) NP -> . PRONOUNS NOUNS
    (45) NP -> . ARTICLES NOUNS
    (46) NP -> . DETERMINANT NOUNS

    RPAREN          shift and go to state 90
    NOUNS           shift and go to state 91
    PRONOUNS        shift and go to state 74
    ARTICLES        shift and go to state 75
    DETERMINANT     shift and go to state 24

    NP                             shift and go to state 89

state 41

    (4) S -> ADVP LPAREN VP . RPAREN PUNCTUATION

    RPAREN          shift and go to state 92


state 42

    (9) S -> ADVP VP PP . LPAREN ADVP RPAREN PUNCTUATION

    LPAREN          shift and go to state 93


state 43

    (16) S -> ADVP PP PUNCTUATION .

    $end            reduce using rule 16 (S -> ADVP PP PUNCTUATION .)


state 44

    (47) PP -> PREPOSITIONS NP . VP
    (50) PP -> PREPOSITIONS NP .
    (30) VP -> . VERBS VERBS ADVERBS
    (31) VP -> . VERBS ADVERBS
    (32) VP -> . PRONOUNS VERBS PRONOUNS
    (33) VP -> . PRONOUNS VERBS
    (34) VP -> . PRONOUNS VERBS VERBS ADVERBS
    (35) VP -> . VERBS PRONOUNS ADVERBS
    (36) VP -> . VERBS ADVERBS VERBS
    (37) VP -> . PRONOUNS VERBS VERBS ADVERBS NOUNS
    (38) VP -> . VERBS ADJECTIVES NOUNS
    (39) VP -> . ARTICLES NOUNS VERBS ADVERBS VERBS VERBS DETERMINANT
    (40) VP -> . VERBS NOUNS PP
    (41) VP -> . VERBS ADJECTIVES
    (42) VP -> . VERBS PRONOUNS NOUNS ARTICLES VERBS

  ! shift/reduce conflict for VERBS resolved as shift
  ! shift/reduce conflict for PRONOUNS resolved as shift
  ! shift/reduce conflict for ARTICLES resolved as shift
    PUNCTUATION     reduce using rule 50 (PP -> PREPOSITIONS NP .)
    DETERMINANT     reduce using rule 50 (PP -> PREPOSITIONS NP .)
    NOUNS           reduce using rule 50 (PP -> PREPOSITIONS NP .)
    LPAREN          reduce using rule 50 (PP -> PREPOSITIONS NP .)
    PREPOSITIONS    reduce using rule 50 (PP -> PREPOSITIONS NP .)
    RPAREN          reduce using rule 50 (PP -> PREPOSITIONS NP .)
    CONJUNCTIONS    reduce using rule 50 (PP -> PREPOSITIONS NP .)
    ADVERBS         reduce using rule 50 (PP -> PREPOSITIONS NP .)
    VERBS           shift and go to state 6
    PRONOUNS        shift and go to state 8
    ARTICLES        shift and go to state 9

  ! ARTICLES        [ reduce using rule 50 (PP -> PREPOSITIONS NP .) ]
  ! PRONOUNS        [ reduce using rule 50 (PP -> PREPOSITIONS NP .) ]
  ! VERBS           [ reduce using rule 50 (PP -> PREPOSITIONS NP .) ]

    VP                             shift and go to state 94

state 45

    (48) PP -> PREPOSITIONS VERBS .

    PUNCTUATION     reduce using rule 48 (PP -> PREPOSITIONS VERBS .)
    DETERMINANT     reduce using rule 48 (PP -> PREPOSITIONS VERBS .)
    ARTICLES        reduce using rule 48 (PP -> PREPOSITIONS VERBS .)
    PRONOUNS        reduce using rule 48 (PP -> PREPOSITIONS VERBS .)
    NOUNS           reduce using rule 48 (PP -> PREPOSITIONS VERBS .)
    LPAREN          reduce using rule 48 (PP -> PREPOSITIONS VERBS .)
    VERBS           reduce using rule 48 (PP -> PREPOSITIONS VERBS .)
    PREPOSITIONS    reduce using rule 48 (PP -> PREPOSITIONS VERBS .)
    RPAREN          reduce using rule 48 (PP -> PREPOSITIONS VERBS .)
    CONJUNCTIONS    reduce using rule 48 (PP -> PREPOSITIONS VERBS .)
    ADVERBS         reduce using rule 48 (PP -> PREPOSITIONS VERBS .)


state 46

    (49) PP -> PREPOSITIONS ADJP .

    PUNCTUATION     reduce using rule 49 (PP -> PREPOSITIONS ADJP .)
    DETERMINANT     reduce using rule 49 (PP -> PREPOSITIONS ADJP .)
    ARTICLES        reduce using rule 49 (PP -> PREPOSITIONS ADJP .)
    PRONOUNS        reduce using rule 49 (PP -> PREPOSITIONS ADJP .)
    NOUNS           reduce using rule 49 (PP -> PREPOSITIONS ADJP .)
    LPAREN          reduce using rule 49 (PP -> PREPOSITIONS ADJP .)
    VERBS           reduce using rule 49 (PP -> PREPOSITIONS ADJP .)
    PREPOSITIONS    reduce using rule 49 (PP -> PREPOSITIONS ADJP .)
    RPAREN          reduce using rule 49 (PP -> PREPOSITIONS ADJP .)
    CONJUNCTIONS    reduce using rule 49 (PP -> PREPOSITIONS ADJP .)
    ADVERBS         reduce using rule 49 (PP -> PREPOSITIONS ADJP .)


state 47

    (51) PP -> PREPOSITIONS NOUNS .
    (43) NP -> NOUNS . PREPOSITIONS ADJECTIVES
    (61) ADJP -> NOUNS . ADJECTIVES

  ! shift/reduce conflict for PREPOSITIONS resolved as shift
    PUNCTUATION     reduce using rule 51 (PP -> PREPOSITIONS NOUNS .)
    DETERMINANT     reduce using rule 51 (PP -> PREPOSITIONS NOUNS .)
    ARTICLES        reduce using rule 51 (PP -> PREPOSITIONS NOUNS .)
    PRONOUNS        reduce using rule 51 (PP -> PREPOSITIONS NOUNS .)
    NOUNS           reduce using rule 51 (PP -> PREPOSITIONS NOUNS .)
    LPAREN          reduce using rule 51 (PP -> PREPOSITIONS NOUNS .)
    VERBS           reduce using rule 51 (PP -> PREPOSITIONS NOUNS .)
    RPAREN          reduce using rule 51 (PP -> PREPOSITIONS NOUNS .)
    CONJUNCTIONS    reduce using rule 51 (PP -> PREPOSITIONS NOUNS .)
    ADVERBS         reduce using rule 51 (PP -> PREPOSITIONS NOUNS .)
    PREPOSITIONS    shift and go to state 69
    ADJECTIVES      shift and go to state 95

  ! PREPOSITIONS    [ reduce using rule 51 (PP -> PREPOSITIONS NOUNS .) ]


state 48

    (52) PP -> PREPOSITIONS PRONOUNS . PRONOUNS NOUNS
    (44) NP -> PRONOUNS . NOUNS
    (60) ADJP -> PRONOUNS . ADJECTIVES NOUNS

    PRONOUNS        shift and go to state 96
    NOUNS           shift and go to state 68
    ADJECTIVES      shift and go to state 97


state 49

    (53) PP -> PREPOSITIONS ARTICLES . NOUNS PREPOSITIONS NOUNS DETERMINANT
    (54) PP -> PREPOSITIONS ARTICLES . NOUNS
    (45) NP -> ARTICLES . NOUNS
    (58) ADJP -> ARTICLES . ADJECTIVES NOUNS

    NOUNS           shift and go to state 98
    ADJECTIVES      shift and go to state 99


state 50

    (46) NP -> DETERMINANT . NOUNS
    (57) ADJP -> DETERMINANT . ADJECTIVES NOUNS
    (59) ADJP -> DETERMINANT . ADJECTIVES

    NOUNS           shift and go to state 71
    ADJECTIVES      shift and go to state 100


state 51

    (20) S -> VP VP VP . ADJP LPAREN ADVP RPAREN PUNCTUATION
    (57) ADJP -> . DETERMINANT ADJECTIVES NOUNS
    (58) ADJP -> . ARTICLES ADJECTIVES NOUNS
    (59) ADJP -> . DETERMINANT ADJECTIVES
    (60) ADJP -> . PRONOUNS ADJECTIVES NOUNS
    (61) ADJP -> . NOUNS ADJECTIVES

    DETERMINANT     shift and go to state 54
    ARTICLES        shift and go to state 64
    PRONOUNS        shift and go to state 65
    NOUNS           shift and go to state 55

    ADJP                           shift and go to state 101

state 52

    (8) S -> VP VP ADJP . LPAREN ADVP RPAREN PUNCTUATION

    LPAREN          shift and go to state 102


state 53

    (15) S -> VP VP PUNCTUATION .

    $end            reduce using rule 15 (S -> VP VP PUNCTUATION .)


state 54

    (57) ADJP -> DETERMINANT . ADJECTIVES NOUNS
    (59) ADJP -> DETERMINANT . ADJECTIVES

    ADJECTIVES      shift and go to state 100


state 55

    (61) ADJP -> NOUNS . ADJECTIVES

    ADJECTIVES      shift and go to state 95


state 56

    (58) ADJP -> ARTICLES . ADJECTIVES NOUNS
    (39) VP -> ARTICLES . NOUNS VERBS ADVERBS VERBS VERBS DETERMINANT

    ADJECTIVES      shift and go to state 99
    NOUNS           shift and go to state 38


state 57

    (60) ADJP -> PRONOUNS . ADJECTIVES NOUNS
    (32) VP -> PRONOUNS . VERBS PRONOUNS
    (33) VP -> PRONOUNS . VERBS
    (34) VP -> PRONOUNS . VERBS VERBS ADVERBS
    (37) VP -> PRONOUNS . VERBS VERBS ADVERBS NOUNS

    ADJECTIVES      shift and go to state 97
    VERBS           shift and go to state 37


state 58

    (2) S -> VP CP PUNCTUATION .

    $end            reduce using rule 2 (S -> VP CP PUNCTUATION .)


state 59

    (21) S -> VP CP LPAREN . CONJUNCTIONS VP RPAREN PUNCTUATION

    CONJUNCTIONS    shift and go to state 103


state 60

    (12) S -> VP LPAREN VP . PP RPAREN PUNCTUATION
    (18) S -> VP LPAREN VP . RPAREN PUNCTUATION
    (47) PP -> . PREPOSITIONS NP VP
    (48) PP -> . PREPOSITIONS VERBS
    (49) PP -> . PREPOSITIONS ADJP
    (50) PP -> . PREPOSITIONS NP
    (51) PP -> . PREPOSITIONS NOUNS
    (52) PP -> . PREPOSITIONS PRONOUNS PRONOUNS NOUNS
    (53) PP -> . PREPOSITIONS ARTICLES NOUNS PREPOSITIONS NOUNS DETERMINANT
    (54) PP -> . PREPOSITIONS ARTICLES NOUNS

    RPAREN          shift and go to state 105
    PREPOSITIONS    shift and go to state 14

    PP                             shift and go to state 104

state 61

    (6) S -> VP LPAREN PP . RPAREN PUNCTUATION

    RPAREN          shift and go to state 106


state 62

    (22) S -> VP LPAREN VERBS . VERBS PP RPAREN PUNCTUATION
    (30) VP -> VERBS . VERBS ADVERBS
    (31) VP -> VERBS . ADVERBS
    (35) VP -> VERBS . PRONOUNS ADVERBS
    (36) VP -> VERBS . ADVERBS VERBS
    (38) VP -> VERBS . ADJECTIVES NOUNS
    (40) VP -> VERBS . NOUNS PP
    (41) VP -> VERBS . ADJECTIVES
    (42) VP -> VERBS . PRONOUNS NOUNS ARTICLES VERBS

    VERBS           shift and go to state 107
    ADVERBS         shift and go to state 30
    PRONOUNS        shift and go to state 31
    ADJECTIVES      shift and go to state 32
    NOUNS           shift and go to state 33


state 63

    (13) S -> VP PP ADJP . PUNCTUATION

    PUNCTUATION     shift and go to state 108


state 64

    (58) ADJP -> ARTICLES . ADJECTIVES NOUNS

    ADJECTIVES      shift and go to state 99


state 65

    (60) ADJP -> PRONOUNS . ADJECTIVES NOUNS

    ADJECTIVES      shift and go to state 97


state 66

    (11) S -> VP ADVP ADJP . PUNCTUATION

    PUNCTUATION     shift and go to state 109


state 67

    (10) S -> VP NP PP . PUNCTUATION

    PUNCTUATION     shift and go to state 110


state 68

    (44) NP -> PRONOUNS NOUNS .

    PREPOSITIONS    reduce using rule 44 (NP -> PRONOUNS NOUNS .)
    VERBS           reduce using rule 44 (NP -> PRONOUNS NOUNS .)
    PRONOUNS        reduce using rule 44 (NP -> PRONOUNS NOUNS .)
    ARTICLES        reduce using rule 44 (NP -> PRONOUNS NOUNS .)
    PUNCTUATION     reduce using rule 44 (NP -> PRONOUNS NOUNS .)
    DETERMINANT     reduce using rule 44 (NP -> PRONOUNS NOUNS .)
    NOUNS           reduce using rule 44 (NP -> PRONOUNS NOUNS .)
    LPAREN          reduce using rule 44 (NP -> PRONOUNS NOUNS .)
    RPAREN          reduce using rule 44 (NP -> PRONOUNS NOUNS .)
    CONJUNCTIONS    reduce using rule 44 (NP -> PRONOUNS NOUNS .)
    ADVERBS         reduce using rule 44 (NP -> PRONOUNS NOUNS .)


state 69

    (43) NP -> NOUNS PREPOSITIONS . ADJECTIVES

    ADJECTIVES      shift and go to state 111


state 70

    (39) VP -> ARTICLES NOUNS . VERBS ADVERBS VERBS VERBS DETERMINANT
    (45) NP -> ARTICLES NOUNS .

    VERBS           shift and go to state 87
    PREPOSITIONS    reduce using rule 45 (NP -> ARTICLES NOUNS .)


state 71

    (46) NP -> DETERMINANT NOUNS .

    PREPOSITIONS    reduce using rule 46 (NP -> DETERMINANT NOUNS .)
    VERBS           reduce using rule 46 (NP -> DETERMINANT NOUNS .)
    PRONOUNS        reduce using rule 46 (NP -> DETERMINANT NOUNS .)
    ARTICLES        reduce using rule 46 (NP -> DETERMINANT NOUNS .)
    PUNCTUATION     reduce using rule 46 (NP -> DETERMINANT NOUNS .)
    DETERMINANT     reduce using rule 46 (NP -> DETERMINANT NOUNS .)
    NOUNS           reduce using rule 46 (NP -> DETERMINANT NOUNS .)
    LPAREN          reduce using rule 46 (NP -> DETERMINANT NOUNS .)
    RPAREN          reduce using rule 46 (NP -> DETERMINANT NOUNS .)
    CONJUNCTIONS    reduce using rule 46 (NP -> DETERMINANT NOUNS .)
    ADVERBS         reduce using rule 46 (NP -> DETERMINANT NOUNS .)


state 72

    (7) S -> CP LPAREN CP . RPAREN PUNCTUATION

    RPAREN          shift and go to state 112


state 73

    (14) S -> CP VP NP . PUNCTUATION

    PUNCTUATION     shift and go to state 113


state 74

    (44) NP -> PRONOUNS . NOUNS

    NOUNS           shift and go to state 68


state 75

    (45) NP -> ARTICLES . NOUNS

    NOUNS           shift and go to state 114


state 76

    (30) VP -> VERBS VERBS ADVERBS .

    LPAREN          reduce using rule 30 (VP -> VERBS VERBS ADVERBS .)
    CONJUNCTIONS    reduce using rule 30 (VP -> VERBS VERBS ADVERBS .)
    VERBS           reduce using rule 30 (VP -> VERBS VERBS ADVERBS .)
    PRONOUNS        reduce using rule 30 (VP -> VERBS VERBS ADVERBS .)
    ARTICLES        reduce using rule 30 (VP -> VERBS VERBS ADVERBS .)
    NOUNS           reduce using rule 30 (VP -> VERBS VERBS ADVERBS .)
    DETERMINANT     reduce using rule 30 (VP -> VERBS VERBS ADVERBS .)
    ADVERBS         reduce using rule 30 (VP -> VERBS VERBS ADVERBS .)
    PREPOSITIONS    reduce using rule 30 (VP -> VERBS VERBS ADVERBS .)
    PUNCTUATION     reduce using rule 30 (VP -> VERBS VERBS ADVERBS .)
    RPAREN          reduce using rule 30 (VP -> VERBS VERBS ADVERBS .)


state 77

    (36) VP -> VERBS ADVERBS VERBS .

    LPAREN          reduce using rule 36 (VP -> VERBS ADVERBS VERBS .)
    CONJUNCTIONS    reduce using rule 36 (VP -> VERBS ADVERBS VERBS .)
    VERBS           reduce using rule 36 (VP -> VERBS ADVERBS VERBS .)
    PRONOUNS        reduce using rule 36 (VP -> VERBS ADVERBS VERBS .)
    ARTICLES        reduce using rule 36 (VP -> VERBS ADVERBS VERBS .)
    NOUNS           reduce using rule 36 (VP -> VERBS ADVERBS VERBS .)
    DETERMINANT     reduce using rule 36 (VP -> VERBS ADVERBS VERBS .)
    ADVERBS         reduce using rule 36 (VP -> VERBS ADVERBS VERBS .)
    PREPOSITIONS    reduce using rule 36 (VP -> VERBS ADVERBS VERBS .)
    PUNCTUATION     reduce using rule 36 (VP -> VERBS ADVERBS VERBS .)
    RPAREN          reduce using rule 36 (VP -> VERBS ADVERBS VERBS .)


state 78

    (35) VP -> VERBS PRONOUNS ADVERBS .

    LPAREN          reduce using rule 35 (VP -> VERBS PRONOUNS ADVERBS .)
    CONJUNCTIONS    reduce using rule 35 (VP -> VERBS PRONOUNS ADVERBS .)
    VERBS           reduce using rule 35 (VP -> VERBS PRONOUNS ADVERBS .)
    PRONOUNS        reduce using rule 35 (VP -> VERBS PRONOUNS ADVERBS .)
    ARTICLES        reduce using rule 35 (VP -> VERBS PRONOUNS ADVERBS .)
    NOUNS           reduce using rule 35 (VP -> VERBS PRONOUNS ADVERBS .)
    DETERMINANT     reduce using rule 35 (VP -> VERBS PRONOUNS ADVERBS .)
    ADVERBS         reduce using rule 35 (VP -> VERBS PRONOUNS ADVERBS .)
    PREPOSITIONS    reduce using rule 35 (VP -> VERBS PRONOUNS ADVERBS .)
    PUNCTUATION     reduce using rule 35 (VP -> VERBS PRONOUNS ADVERBS .)
    RPAREN          reduce using rule 35 (VP -> VERBS PRONOUNS ADVERBS .)


state 79

    (42) VP -> VERBS PRONOUNS NOUNS . ARTICLES VERBS

    ARTICLES        shift and go to state 115


state 80

    (38) VP -> VERBS ADJECTIVES NOUNS .

    LPAREN          reduce using rule 38 (VP -> VERBS ADJECTIVES NOUNS .)
    CONJUNCTIONS    reduce using rule 38 (VP -> VERBS ADJECTIVES NOUNS .)
    VERBS           reduce using rule 38 (VP -> VERBS ADJECTIVES NOUNS .)
    PRONOUNS        reduce using rule 38 (VP -> VERBS ADJECTIVES NOUNS .)
    ARTICLES        reduce using rule 38 (VP -> VERBS ADJECTIVES NOUNS .)
    NOUNS           reduce using rule 38 (VP -> VERBS ADJECTIVES NOUNS .)
    DETERMINANT     reduce using rule 38 (VP -> VERBS ADJECTIVES NOUNS .)
    ADVERBS         reduce using rule 38 (VP -> VERBS ADJECTIVES NOUNS .)
    PREPOSITIONS    reduce using rule 38 (VP -> VERBS ADJECTIVES NOUNS .)
    PUNCTUATION     reduce using rule 38 (VP -> VERBS ADJECTIVES NOUNS .)
    RPAREN          reduce using rule 38 (VP -> VERBS ADJECTIVES NOUNS .)


state 81

    (40) VP -> VERBS NOUNS PP .

    LPAREN          reduce using rule 40 (VP -> VERBS NOUNS PP .)
    CONJUNCTIONS    reduce using rule 40 (VP -> VERBS NOUNS PP .)
    VERBS           reduce using rule 40 (VP -> VERBS NOUNS PP .)
    PRONOUNS        reduce using rule 40 (VP -> VERBS NOUNS PP .)
    ARTICLES        reduce using rule 40 (VP -> VERBS NOUNS PP .)
    NOUNS           reduce using rule 40 (VP -> VERBS NOUNS PP .)
    DETERMINANT     reduce using rule 40 (VP -> VERBS NOUNS PP .)
    ADVERBS         reduce using rule 40 (VP -> VERBS NOUNS PP .)
    PREPOSITIONS    reduce using rule 40 (VP -> VERBS NOUNS PP .)
    PUNCTUATION     reduce using rule 40 (VP -> VERBS NOUNS PP .)
    RPAREN          reduce using rule 40 (VP -> VERBS NOUNS PP .)


state 82

    (26) ADVP -> ADVERBS VERBS ADVERBS .
    (27) ADVP -> ADVERBS VERBS ADVERBS . NOUNS

  ! shift/reduce conflict for NOUNS resolved as shift
    PUNCTUATION     reduce using rule 26 (ADVP -> ADVERBS VERBS ADVERBS .)
    LPAREN          reduce using rule 26 (ADVP -> ADVERBS VERBS ADVERBS .)
    VERBS           reduce using rule 26 (ADVP -> ADVERBS VERBS ADVERBS .)
    PRONOUNS        reduce using rule 26 (ADVP -> ADVERBS VERBS ADVERBS .)
    ARTICLES        reduce using rule 26 (ADVP -> ADVERBS VERBS ADVERBS .)
    PREPOSITIONS    reduce using rule 26 (ADVP -> ADVERBS VERBS ADVERBS .)
    DETERMINANT     reduce using rule 26 (ADVP -> ADVERBS VERBS ADVERBS .)
    RPAREN          reduce using rule 26 (ADVP -> ADVERBS VERBS ADVERBS .)
    NOUNS           shift and go to state 116

  ! NOUNS           [ reduce using rule 26 (ADVP -> ADVERBS VERBS ADVERBS .) ]


state 83

    (25) ADVP -> ADVERBS VERBS ADJP .

    PUNCTUATION     reduce using rule 25 (ADVP -> ADVERBS VERBS ADJP .)
    LPAREN          reduce using rule 25 (ADVP -> ADVERBS VERBS ADJP .)
    VERBS           reduce using rule 25 (ADVP -> ADVERBS VERBS ADJP .)
    PRONOUNS        reduce using rule 25 (ADVP -> ADVERBS VERBS ADJP .)
    ARTICLES        reduce using rule 25 (ADVP -> ADVERBS VERBS ADJP .)
    PREPOSITIONS    reduce using rule 25 (ADVP -> ADVERBS VERBS ADJP .)
    DETERMINANT     reduce using rule 25 (ADVP -> ADVERBS VERBS ADJP .)
    NOUNS           reduce using rule 25 (ADVP -> ADVERBS VERBS ADJP .)
    RPAREN          reduce using rule 25 (ADVP -> ADVERBS VERBS ADJP .)


state 84

    (29) ADVP -> ADVERBS VERBS DETERMINANT . VERBS NOUNS
    (57) ADJP -> DETERMINANT . ADJECTIVES NOUNS
    (59) ADJP -> DETERMINANT . ADJECTIVES

    VERBS           shift and go to state 117
    ADJECTIVES      shift and go to state 100


state 85

    (32) VP -> PRONOUNS VERBS PRONOUNS .

    LPAREN          reduce using rule 32 (VP -> PRONOUNS VERBS PRONOUNS .)
    CONJUNCTIONS    reduce using rule 32 (VP -> PRONOUNS VERBS PRONOUNS .)
    VERBS           reduce using rule 32 (VP -> PRONOUNS VERBS PRONOUNS .)
    PRONOUNS        reduce using rule 32 (VP -> PRONOUNS VERBS PRONOUNS .)
    ARTICLES        reduce using rule 32 (VP -> PRONOUNS VERBS PRONOUNS .)
    NOUNS           reduce using rule 32 (VP -> PRONOUNS VERBS PRONOUNS .)
    DETERMINANT     reduce using rule 32 (VP -> PRONOUNS VERBS PRONOUNS .)
    ADVERBS         reduce using rule 32 (VP -> PRONOUNS VERBS PRONOUNS .)
    PREPOSITIONS    reduce using rule 32 (VP -> PRONOUNS VERBS PRONOUNS .)
    PUNCTUATION     reduce using rule 32 (VP -> PRONOUNS VERBS PRONOUNS .)
    RPAREN          reduce using rule 32 (VP -> PRONOUNS VERBS PRONOUNS .)


state 86

    (34) VP -> PRONOUNS VERBS VERBS . ADVERBS
    (37) VP -> PRONOUNS VERBS VERBS . ADVERBS NOUNS

    ADVERBS         shift and go to state 118


state 87

    (39) VP -> ARTICLES NOUNS VERBS . ADVERBS VERBS VERBS DETERMINANT

    ADVERBS         shift and go to state 119


state 88

    (1) S -> ADVP PUNCTUATION ADVP PUNCTUATION .

    $end            reduce using rule 1 (S -> ADVP PUNCTUATION ADVP PUNCTUATION .)


state 89

    (3) S -> ADVP LPAREN INTERJECTIONS NP . RPAREN PUNCTUATION

    RPAREN          shift and go to state 120


state 90

    (17) S -> ADVP LPAREN INTERJECTIONS RPAREN . PUNCTUATION

    PUNCTUATION     shift and go to state 121


state 91

    (19) S -> ADVP LPAREN INTERJECTIONS NOUNS . RPAREN PUNCTUATION
    (43) NP -> NOUNS . PREPOSITIONS ADJECTIVES

    RPAREN          shift and go to state 122
    PREPOSITIONS    shift and go to state 69


state 92

    (4) S -> ADVP LPAREN VP RPAREN . PUNCTUATION

    PUNCTUATION     shift and go to state 123


state 93

    (9) S -> ADVP VP PP LPAREN . ADVP RPAREN PUNCTUATION
    (23) ADVP -> . ADVERBS NOUNS
    (24) ADVP -> . ADVERBS VERBS
    (25) ADVP -> . ADVERBS VERBS ADJP
    (26) ADVP -> . ADVERBS VERBS ADVERBS
    (27) ADVP -> . ADVERBS VERBS ADVERBS NOUNS
    (28) ADVP -> . ADVERBS PP
    (29) ADVP -> . ADVERBS VERBS DETERMINANT VERBS NOUNS

    ADVERBS         shift and go to state 7

    ADVP                           shift and go to state 124

state 94

    (47) PP -> PREPOSITIONS NP VP .

    PUNCTUATION     reduce using rule 47 (PP -> PREPOSITIONS NP VP .)
    DETERMINANT     reduce using rule 47 (PP -> PREPOSITIONS NP VP .)
    ARTICLES        reduce using rule 47 (PP -> PREPOSITIONS NP VP .)
    PRONOUNS        reduce using rule 47 (PP -> PREPOSITIONS NP VP .)
    NOUNS           reduce using rule 47 (PP -> PREPOSITIONS NP VP .)
    LPAREN          reduce using rule 47 (PP -> PREPOSITIONS NP VP .)
    VERBS           reduce using rule 47 (PP -> PREPOSITIONS NP VP .)
    PREPOSITIONS    reduce using rule 47 (PP -> PREPOSITIONS NP VP .)
    RPAREN          reduce using rule 47 (PP -> PREPOSITIONS NP VP .)
    CONJUNCTIONS    reduce using rule 47 (PP -> PREPOSITIONS NP VP .)
    ADVERBS         reduce using rule 47 (PP -> PREPOSITIONS NP VP .)


state 95

    (61) ADJP -> NOUNS ADJECTIVES .

    PUNCTUATION     reduce using rule 61 (ADJP -> NOUNS ADJECTIVES .)
    DETERMINANT     reduce using rule 61 (ADJP -> NOUNS ADJECTIVES .)
    ARTICLES        reduce using rule 61 (ADJP -> NOUNS ADJECTIVES .)
    PRONOUNS        reduce using rule 61 (ADJP -> NOUNS ADJECTIVES .)
    NOUNS           reduce using rule 61 (ADJP -> NOUNS ADJECTIVES .)
    LPAREN          reduce using rule 61 (ADJP -> NOUNS ADJECTIVES .)
    VERBS           reduce using rule 61 (ADJP -> NOUNS ADJECTIVES .)
    PREPOSITIONS    reduce using rule 61 (ADJP -> NOUNS ADJECTIVES .)
    RPAREN          reduce using rule 61 (ADJP -> NOUNS ADJECTIVES .)
    CONJUNCTIONS    reduce using rule 61 (ADJP -> NOUNS ADJECTIVES .)
    ADVERBS         reduce using rule 61 (ADJP -> NOUNS ADJECTIVES .)


state 96

    (52) PP -> PREPOSITIONS PRONOUNS PRONOUNS . NOUNS

    NOUNS           shift and go to state 125


state 97

    (60) ADJP -> PRONOUNS ADJECTIVES . NOUNS

    NOUNS           shift and go to state 126


state 98

    (53) PP -> PREPOSITIONS ARTICLES NOUNS . PREPOSITIONS NOUNS DETERMINANT
    (54) PP -> PREPOSITIONS ARTICLES NOUNS .
    (45) NP -> ARTICLES NOUNS .

  ! shift/reduce conflict for PREPOSITIONS resolved as shift
  ! reduce/reduce conflict for VERBS resolved using rule 45 (NP -> ARTICLES NOUNS .)
  ! reduce/reduce conflict for PRONOUNS resolved using rule 45 (NP -> ARTICLES NOUNS .)
  ! reduce/reduce conflict for ARTICLES resolved using rule 45 (NP -> ARTICLES NOUNS .)
  ! reduce/reduce conflict for PUNCTUATION resolved using rule 45 (NP -> ARTICLES NOUNS .)
  ! reduce/reduce conflict for DETERMINANT resolved using rule 45 (NP -> ARTICLES NOUNS .)
  ! reduce/reduce conflict for NOUNS resolved using rule 45 (NP -> ARTICLES NOUNS .)
  ! reduce/reduce conflict for LPAREN resolved using rule 45 (NP -> ARTICLES NOUNS .)
  ! shift/reduce conflict for PREPOSITIONS resolved as shift
  ! reduce/reduce conflict for RPAREN resolved using rule 45 (NP -> ARTICLES NOUNS .)
  ! reduce/reduce conflict for CONJUNCTIONS resolved using rule 45 (NP -> ARTICLES NOUNS .)
  ! reduce/reduce conflict for ADVERBS resolved using rule 45 (NP -> ARTICLES NOUNS .)
    PREPOSITIONS    shift and go to state 127
    VERBS           reduce using rule 45 (NP -> ARTICLES NOUNS .)
    PRONOUNS        reduce using rule 45 (NP -> ARTICLES NOUNS .)
    ARTICLES        reduce using rule 45 (NP -> ARTICLES NOUNS .)
    PUNCTUATION     reduce using rule 45 (NP -> ARTICLES NOUNS .)
    DETERMINANT     reduce using rule 45 (NP -> ARTICLES NOUNS .)
    NOUNS           reduce using rule 45 (NP -> ARTICLES NOUNS .)
    LPAREN          reduce using rule 45 (NP -> ARTICLES NOUNS .)
    RPAREN          reduce using rule 45 (NP -> ARTICLES NOUNS .)
    CONJUNCTIONS    reduce using rule 45 (NP -> ARTICLES NOUNS .)
    ADVERBS         reduce using rule 45 (NP -> ARTICLES NOUNS .)

  ! PUNCTUATION     [ reduce using rule 54 (PP -> PREPOSITIONS ARTICLES NOUNS .) ]
  ! DETERMINANT     [ reduce using rule 54 (PP -> PREPOSITIONS ARTICLES NOUNS .) ]
  ! ARTICLES        [ reduce using rule 54 (PP -> PREPOSITIONS ARTICLES NOUNS .) ]
  ! PRONOUNS        [ reduce using rule 54 (PP -> PREPOSITIONS ARTICLES NOUNS .) ]
  ! NOUNS           [ reduce using rule 54 (PP -> PREPOSITIONS ARTICLES NOUNS .) ]
  ! LPAREN          [ reduce using rule 54 (PP -> PREPOSITIONS ARTICLES NOUNS .) ]
  ! VERBS           [ reduce using rule 54 (PP -> PREPOSITIONS ARTICLES NOUNS .) ]
  ! PREPOSITIONS    [ reduce using rule 54 (PP -> PREPOSITIONS ARTICLES NOUNS .) ]
  ! RPAREN          [ reduce using rule 54 (PP -> PREPOSITIONS ARTICLES NOUNS .) ]
  ! CONJUNCTIONS    [ reduce using rule 54 (PP -> PREPOSITIONS ARTICLES NOUNS .) ]
  ! ADVERBS         [ reduce using rule 54 (PP -> PREPOSITIONS ARTICLES NOUNS .) ]
  ! PREPOSITIONS    [ reduce using rule 45 (NP -> ARTICLES NOUNS .) ]


state 99

    (58) ADJP -> ARTICLES ADJECTIVES . NOUNS

    NOUNS           shift and go to state 128


state 100

    (57) ADJP -> DETERMINANT ADJECTIVES . NOUNS
    (59) ADJP -> DETERMINANT ADJECTIVES .

  ! shift/reduce conflict for NOUNS resolved as shift
    NOUNS           shift and go to state 129
    PUNCTUATION     reduce using rule 59 (ADJP -> DETERMINANT ADJECTIVES .)
    DETERMINANT     reduce using rule 59 (ADJP -> DETERMINANT ADJECTIVES .)
    ARTICLES        reduce using rule 59 (ADJP -> DETERMINANT ADJECTIVES .)
    PRONOUNS        reduce using rule 59 (ADJP -> DETERMINANT ADJECTIVES .)
    LPAREN          reduce using rule 59 (ADJP -> DETERMINANT ADJECTIVES .)
    VERBS           reduce using rule 59 (ADJP -> DETERMINANT ADJECTIVES .)
    PREPOSITIONS    reduce using rule 59 (ADJP -> DETERMINANT ADJECTIVES .)
    RPAREN          reduce using rule 59 (ADJP -> DETERMINANT ADJECTIVES .)
    CONJUNCTIONS    reduce using rule 59 (ADJP -> DETERMINANT ADJECTIVES .)
    ADVERBS         reduce using rule 59 (ADJP -> DETERMINANT ADJECTIVES .)

  ! NOUNS           [ reduce using rule 59 (ADJP -> DETERMINANT ADJECTIVES .) ]


state 101

    (20) S -> VP VP VP ADJP . LPAREN ADVP RPAREN PUNCTUATION

    LPAREN          shift and go to state 130


state 102

    (8) S -> VP VP ADJP LPAREN . ADVP RPAREN PUNCTUATION
    (23) ADVP -> . ADVERBS NOUNS
    (24) ADVP -> . ADVERBS VERBS
    (25) ADVP -> . ADVERBS VERBS ADJP
    (26) ADVP -> . ADVERBS VERBS ADVERBS
    (27) ADVP -> . ADVERBS VERBS ADVERBS NOUNS
    (28) ADVP -> . ADVERBS PP
    (29) ADVP -> . ADVERBS VERBS DETERMINANT VERBS NOUNS

    ADVERBS         shift and go to state 7

    ADVP                           shift and go to state 131

state 103

    (21) S -> VP CP LPAREN CONJUNCTIONS . VP RPAREN PUNCTUATION
    (30) VP -> . VERBS VERBS ADVERBS
    (31) VP -> . VERBS ADVERBS
    (32) VP -> . PRONOUNS VERBS PRONOUNS
    (33) VP -> . PRONOUNS VERBS
    (34) VP -> . PRONOUNS VERBS VERBS ADVERBS
    (35) VP -> . VERBS PRONOUNS ADVERBS
    (36) VP -> . VERBS ADVERBS VERBS
    (37) VP -> . PRONOUNS VERBS VERBS ADVERBS NOUNS
    (38) VP -> . VERBS ADJECTIVES NOUNS
    (39) VP -> . ARTICLES NOUNS VERBS ADVERBS VERBS VERBS DETERMINANT
    (40) VP -> . VERBS NOUNS PP
    (41) VP -> . VERBS ADJECTIVES
    (42) VP -> . VERBS PRONOUNS NOUNS ARTICLES VERBS

    VERBS           shift and go to state 6
    PRONOUNS        shift and go to state 8
    ARTICLES        shift and go to state 9

    VP                             shift and go to state 132

state 104

    (12) S -> VP LPAREN VP PP . RPAREN PUNCTUATION

    RPAREN          shift and go to state 133


state 105

    (18) S -> VP LPAREN VP RPAREN . PUNCTUATION

    PUNCTUATION     shift and go to state 134


state 106

    (6) S -> VP LPAREN PP RPAREN . PUNCTUATION

    PUNCTUATION     shift and go to state 135


state 107

    (22) S -> VP LPAREN VERBS VERBS . PP RPAREN PUNCTUATION
    (30) VP -> VERBS VERBS . ADVERBS
    (47) PP -> . PREPOSITIONS NP VP
    (48) PP -> . PREPOSITIONS VERBS
    (49) PP -> . PREPOSITIONS ADJP
    (50) PP -> . PREPOSITIONS NP
    (51) PP -> . PREPOSITIONS NOUNS
    (52) PP -> . PREPOSITIONS PRONOUNS PRONOUNS NOUNS
    (53) PP -> . PREPOSITIONS ARTICLES NOUNS PREPOSITIONS NOUNS DETERMINANT
    (54) PP -> . PREPOSITIONS ARTICLES NOUNS

    ADVERBS         shift and go to state 76
    PREPOSITIONS    shift and go to state 14

    PP                             shift and go to state 136

state 108

    (13) S -> VP PP ADJP PUNCTUATION .

    $end            reduce using rule 13 (S -> VP PP ADJP PUNCTUATION .)


state 109

    (11) S -> VP ADVP ADJP PUNCTUATION .

    $end            reduce using rule 11 (S -> VP ADVP ADJP PUNCTUATION .)


state 110

    (10) S -> VP NP PP PUNCTUATION .

    $end            reduce using rule 10 (S -> VP NP PP PUNCTUATION .)


state 111

    (43) NP -> NOUNS PREPOSITIONS ADJECTIVES .

    PREPOSITIONS    reduce using rule 43 (NP -> NOUNS PREPOSITIONS ADJECTIVES .)
    VERBS           reduce using rule 43 (NP -> NOUNS PREPOSITIONS ADJECTIVES .)
    PRONOUNS        reduce using rule 43 (NP -> NOUNS PREPOSITIONS ADJECTIVES .)
    ARTICLES        reduce using rule 43 (NP -> NOUNS PREPOSITIONS ADJECTIVES .)
    PUNCTUATION     reduce using rule 43 (NP -> NOUNS PREPOSITIONS ADJECTIVES .)
    DETERMINANT     reduce using rule 43 (NP -> NOUNS PREPOSITIONS ADJECTIVES .)
    NOUNS           reduce using rule 43 (NP -> NOUNS PREPOSITIONS ADJECTIVES .)
    LPAREN          reduce using rule 43 (NP -> NOUNS PREPOSITIONS ADJECTIVES .)
    RPAREN          reduce using rule 43 (NP -> NOUNS PREPOSITIONS ADJECTIVES .)
    CONJUNCTIONS    reduce using rule 43 (NP -> NOUNS PREPOSITIONS ADJECTIVES .)
    ADVERBS         reduce using rule 43 (NP -> NOUNS PREPOSITIONS ADJECTIVES .)


state 112

    (7) S -> CP LPAREN CP RPAREN . PUNCTUATION

    PUNCTUATION     shift and go to state 137


state 113

    (14) S -> CP VP NP PUNCTUATION .

    $end            reduce using rule 14 (S -> CP VP NP PUNCTUATION .)


state 114

    (45) NP -> ARTICLES NOUNS .

    PUNCTUATION     reduce using rule 45 (NP -> ARTICLES NOUNS .)
    RPAREN          reduce using rule 45 (NP -> ARTICLES NOUNS .)


state 115

    (42) VP -> VERBS PRONOUNS NOUNS ARTICLES . VERBS

    VERBS           shift and go to state 138


state 116

    (27) ADVP -> ADVERBS VERBS ADVERBS NOUNS .

    PUNCTUATION     reduce using rule 27 (ADVP -> ADVERBS VERBS ADVERBS NOUNS .)
    LPAREN          reduce using rule 27 (ADVP -> ADVERBS VERBS ADVERBS NOUNS .)
    VERBS           reduce using rule 27 (ADVP -> ADVERBS VERBS ADVERBS NOUNS .)
    PRONOUNS        reduce using rule 27 (ADVP -> ADVERBS VERBS ADVERBS NOUNS .)
    ARTICLES        reduce using rule 27 (ADVP -> ADVERBS VERBS ADVERBS NOUNS .)
    PREPOSITIONS    reduce using rule 27 (ADVP -> ADVERBS VERBS ADVERBS NOUNS .)
    DETERMINANT     reduce using rule 27 (ADVP -> ADVERBS VERBS ADVERBS NOUNS .)
    NOUNS           reduce using rule 27 (ADVP -> ADVERBS VERBS ADVERBS NOUNS .)
    RPAREN          reduce using rule 27 (ADVP -> ADVERBS VERBS ADVERBS NOUNS .)


state 117

    (29) ADVP -> ADVERBS VERBS DETERMINANT VERBS . NOUNS

    NOUNS           shift and go to state 139


state 118

    (34) VP -> PRONOUNS VERBS VERBS ADVERBS .
    (37) VP -> PRONOUNS VERBS VERBS ADVERBS . NOUNS

  ! shift/reduce conflict for NOUNS resolved as shift
    LPAREN          reduce using rule 34 (VP -> PRONOUNS VERBS VERBS ADVERBS .)
    CONJUNCTIONS    reduce using rule 34 (VP -> PRONOUNS VERBS VERBS ADVERBS .)
    VERBS           reduce using rule 34 (VP -> PRONOUNS VERBS VERBS ADVERBS .)
    PRONOUNS        reduce using rule 34 (VP -> PRONOUNS VERBS VERBS ADVERBS .)
    ARTICLES        reduce using rule 34 (VP -> PRONOUNS VERBS VERBS ADVERBS .)
    DETERMINANT     reduce using rule 34 (VP -> PRONOUNS VERBS VERBS ADVERBS .)
    ADVERBS         reduce using rule 34 (VP -> PRONOUNS VERBS VERBS ADVERBS .)
    PREPOSITIONS    reduce using rule 34 (VP -> PRONOUNS VERBS VERBS ADVERBS .)
    PUNCTUATION     reduce using rule 34 (VP -> PRONOUNS VERBS VERBS ADVERBS .)
    RPAREN          reduce using rule 34 (VP -> PRONOUNS VERBS VERBS ADVERBS .)
    NOUNS           shift and go to state 140

  ! NOUNS           [ reduce using rule 34 (VP -> PRONOUNS VERBS VERBS ADVERBS .) ]


state 119

    (39) VP -> ARTICLES NOUNS VERBS ADVERBS . VERBS VERBS DETERMINANT

    VERBS           shift and go to state 141


state 120

    (3) S -> ADVP LPAREN INTERJECTIONS NP RPAREN . PUNCTUATION

    PUNCTUATION     shift and go to state 142


state 121

    (17) S -> ADVP LPAREN INTERJECTIONS RPAREN PUNCTUATION .

    $end            reduce using rule 17 (S -> ADVP LPAREN INTERJECTIONS RPAREN PUNCTUATION .)


state 122

    (19) S -> ADVP LPAREN INTERJECTIONS NOUNS RPAREN . PUNCTUATION

    PUNCTUATION     shift and go to state 143


state 123

    (4) S -> ADVP LPAREN VP RPAREN PUNCTUATION .

    $end            reduce using rule 4 (S -> ADVP LPAREN VP RPAREN PUNCTUATION .)


state 124

    (9) S -> ADVP VP PP LPAREN ADVP . RPAREN PUNCTUATION

    RPAREN          shift and go to state 144


state 125

    (52) PP -> PREPOSITIONS PRONOUNS PRONOUNS NOUNS .

    PUNCTUATION     reduce using rule 52 (PP -> PREPOSITIONS PRONOUNS PRONOUNS NOUNS .)
    DETERMINANT     reduce using rule 52 (PP -> PREPOSITIONS PRONOUNS PRONOUNS NOUNS .)
    ARTICLES        reduce using rule 52 (PP -> PREPOSITIONS PRONOUNS PRONOUNS NOUNS .)
    PRONOUNS        reduce using rule 52 (PP -> PREPOSITIONS PRONOUNS PRONOUNS NOUNS .)
    NOUNS           reduce using rule 52 (PP -> PREPOSITIONS PRONOUNS PRONOUNS NOUNS .)
    LPAREN          reduce using rule 52 (PP -> PREPOSITIONS PRONOUNS PRONOUNS NOUNS .)
    VERBS           reduce using rule 52 (PP -> PREPOSITIONS PRONOUNS PRONOUNS NOUNS .)
    PREPOSITIONS    reduce using rule 52 (PP -> PREPOSITIONS PRONOUNS PRONOUNS NOUNS .)
    RPAREN          reduce using rule 52 (PP -> PREPOSITIONS PRONOUNS PRONOUNS NOUNS .)
    CONJUNCTIONS    reduce using rule 52 (PP -> PREPOSITIONS PRONOUNS PRONOUNS NOUNS .)
    ADVERBS         reduce using rule 52 (PP -> PREPOSITIONS PRONOUNS PRONOUNS NOUNS .)


state 126

    (60) ADJP -> PRONOUNS ADJECTIVES NOUNS .

    PUNCTUATION     reduce using rule 60 (ADJP -> PRONOUNS ADJECTIVES NOUNS .)
    DETERMINANT     reduce using rule 60 (ADJP -> PRONOUNS ADJECTIVES NOUNS .)
    ARTICLES        reduce using rule 60 (ADJP -> PRONOUNS ADJECTIVES NOUNS .)
    PRONOUNS        reduce using rule 60 (ADJP -> PRONOUNS ADJECTIVES NOUNS .)
    NOUNS           reduce using rule 60 (ADJP -> PRONOUNS ADJECTIVES NOUNS .)
    LPAREN          reduce using rule 60 (ADJP -> PRONOUNS ADJECTIVES NOUNS .)
    VERBS           reduce using rule 60 (ADJP -> PRONOUNS ADJECTIVES NOUNS .)
    PREPOSITIONS    reduce using rule 60 (ADJP -> PRONOUNS ADJECTIVES NOUNS .)
    RPAREN          reduce using rule 60 (ADJP -> PRONOUNS ADJECTIVES NOUNS .)
    CONJUNCTIONS    reduce using rule 60 (ADJP -> PRONOUNS ADJECTIVES NOUNS .)
    ADVERBS         reduce using rule 60 (ADJP -> PRONOUNS ADJECTIVES NOUNS .)


state 127

    (53) PP -> PREPOSITIONS ARTICLES NOUNS PREPOSITIONS . NOUNS DETERMINANT

    NOUNS           shift and go to state 145


state 128

    (58) ADJP -> ARTICLES ADJECTIVES NOUNS .

    PUNCTUATION     reduce using rule 58 (ADJP -> ARTICLES ADJECTIVES NOUNS .)
    DETERMINANT     reduce using rule 58 (ADJP -> ARTICLES ADJECTIVES NOUNS .)
    ARTICLES        reduce using rule 58 (ADJP -> ARTICLES ADJECTIVES NOUNS .)
    PRONOUNS        reduce using rule 58 (ADJP -> ARTICLES ADJECTIVES NOUNS .)
    NOUNS           reduce using rule 58 (ADJP -> ARTICLES ADJECTIVES NOUNS .)
    LPAREN          reduce using rule 58 (ADJP -> ARTICLES ADJECTIVES NOUNS .)
    VERBS           reduce using rule 58 (ADJP -> ARTICLES ADJECTIVES NOUNS .)
    PREPOSITIONS    reduce using rule 58 (ADJP -> ARTICLES ADJECTIVES NOUNS .)
    RPAREN          reduce using rule 58 (ADJP -> ARTICLES ADJECTIVES NOUNS .)
    CONJUNCTIONS    reduce using rule 58 (ADJP -> ARTICLES ADJECTIVES NOUNS .)
    ADVERBS         reduce using rule 58 (ADJP -> ARTICLES ADJECTIVES NOUNS .)


state 129

    (57) ADJP -> DETERMINANT ADJECTIVES NOUNS .

    PUNCTUATION     reduce using rule 57 (ADJP -> DETERMINANT ADJECTIVES NOUNS .)
    DETERMINANT     reduce using rule 57 (ADJP -> DETERMINANT ADJECTIVES NOUNS .)
    ARTICLES        reduce using rule 57 (ADJP -> DETERMINANT ADJECTIVES NOUNS .)
    PRONOUNS        reduce using rule 57 (ADJP -> DETERMINANT ADJECTIVES NOUNS .)
    NOUNS           reduce using rule 57 (ADJP -> DETERMINANT ADJECTIVES NOUNS .)
    LPAREN          reduce using rule 57 (ADJP -> DETERMINANT ADJECTIVES NOUNS .)
    VERBS           reduce using rule 57 (ADJP -> DETERMINANT ADJECTIVES NOUNS .)
    PREPOSITIONS    reduce using rule 57 (ADJP -> DETERMINANT ADJECTIVES NOUNS .)
    RPAREN          reduce using rule 57 (ADJP -> DETERMINANT ADJECTIVES NOUNS .)
    CONJUNCTIONS    reduce using rule 57 (ADJP -> DETERMINANT ADJECTIVES NOUNS .)
    ADVERBS         reduce using rule 57 (ADJP -> DETERMINANT ADJECTIVES NOUNS .)


state 130

    (20) S -> VP VP VP ADJP LPAREN . ADVP RPAREN PUNCTUATION
    (23) ADVP -> . ADVERBS NOUNS
    (24) ADVP -> . ADVERBS VERBS
    (25) ADVP -> . ADVERBS VERBS ADJP
    (26) ADVP -> . ADVERBS VERBS ADVERBS
    (27) ADVP -> . ADVERBS VERBS ADVERBS NOUNS
    (28) ADVP -> . ADVERBS PP
    (29) ADVP -> . ADVERBS VERBS DETERMINANT VERBS NOUNS

    ADVERBS         shift and go to state 7

    ADVP                           shift and go to state 146

state 131

    (8) S -> VP VP ADJP LPAREN ADVP . RPAREN PUNCTUATION

    RPAREN          shift and go to state 147


state 132

    (21) S -> VP CP LPAREN CONJUNCTIONS VP . RPAREN PUNCTUATION

    RPAREN          shift and go to state 148


state 133

    (12) S -> VP LPAREN VP PP RPAREN . PUNCTUATION

    PUNCTUATION     shift and go to state 149


state 134

    (18) S -> VP LPAREN VP RPAREN PUNCTUATION .

    $end            reduce using rule 18 (S -> VP LPAREN VP RPAREN PUNCTUATION .)


state 135

    (6) S -> VP LPAREN PP RPAREN PUNCTUATION .

    $end            reduce using rule 6 (S -> VP LPAREN PP RPAREN PUNCTUATION .)


state 136

    (22) S -> VP LPAREN VERBS VERBS PP . RPAREN PUNCTUATION

    RPAREN          shift and go to state 150


state 137

    (7) S -> CP LPAREN CP RPAREN PUNCTUATION .

    $end            reduce using rule 7 (S -> CP LPAREN CP RPAREN PUNCTUATION .)


state 138

    (42) VP -> VERBS PRONOUNS NOUNS ARTICLES VERBS .

    LPAREN          reduce using rule 42 (VP -> VERBS PRONOUNS NOUNS ARTICLES VERBS .)
    CONJUNCTIONS    reduce using rule 42 (VP -> VERBS PRONOUNS NOUNS ARTICLES VERBS .)
    VERBS           reduce using rule 42 (VP -> VERBS PRONOUNS NOUNS ARTICLES VERBS .)
    PRONOUNS        reduce using rule 42 (VP -> VERBS PRONOUNS NOUNS ARTICLES VERBS .)
    ARTICLES        reduce using rule 42 (VP -> VERBS PRONOUNS NOUNS ARTICLES VERBS .)
    NOUNS           reduce using rule 42 (VP -> VERBS PRONOUNS NOUNS ARTICLES VERBS .)
    DETERMINANT     reduce using rule 42 (VP -> VERBS PRONOUNS NOUNS ARTICLES VERBS .)
    ADVERBS         reduce using rule 42 (VP -> VERBS PRONOUNS NOUNS ARTICLES VERBS .)
    PREPOSITIONS    reduce using rule 42 (VP -> VERBS PRONOUNS NOUNS ARTICLES VERBS .)
    PUNCTUATION     reduce using rule 42 (VP -> VERBS PRONOUNS NOUNS ARTICLES VERBS .)
    RPAREN          reduce using rule 42 (VP -> VERBS PRONOUNS NOUNS ARTICLES VERBS .)


state 139

    (29) ADVP -> ADVERBS VERBS DETERMINANT VERBS NOUNS .

    PUNCTUATION     reduce using rule 29 (ADVP -> ADVERBS VERBS DETERMINANT VERBS NOUNS .)
    LPAREN          reduce using rule 29 (ADVP -> ADVERBS VERBS DETERMINANT VERBS NOUNS .)
    VERBS           reduce using rule 29 (ADVP -> ADVERBS VERBS DETERMINANT VERBS NOUNS .)
    PRONOUNS        reduce using rule 29 (ADVP -> ADVERBS VERBS DETERMINANT VERBS NOUNS .)
    ARTICLES        reduce using rule 29 (ADVP -> ADVERBS VERBS DETERMINANT VERBS NOUNS .)
    PREPOSITIONS    reduce using rule 29 (ADVP -> ADVERBS VERBS DETERMINANT VERBS NOUNS .)
    DETERMINANT     reduce using rule 29 (ADVP -> ADVERBS VERBS DETERMINANT VERBS NOUNS .)
    NOUNS           reduce using rule 29 (ADVP -> ADVERBS VERBS DETERMINANT VERBS NOUNS .)
    RPAREN          reduce using rule 29 (ADVP -> ADVERBS VERBS DETERMINANT VERBS NOUNS .)


state 140

    (37) VP -> PRONOUNS VERBS VERBS ADVERBS NOUNS .

    LPAREN          reduce using rule 37 (VP -> PRONOUNS VERBS VERBS ADVERBS NOUNS .)
    CONJUNCTIONS    reduce using rule 37 (VP -> PRONOUNS VERBS VERBS ADVERBS NOUNS .)
    VERBS           reduce using rule 37 (VP -> PRONOUNS VERBS VERBS ADVERBS NOUNS .)
    PRONOUNS        reduce using rule 37 (VP -> PRONOUNS VERBS VERBS ADVERBS NOUNS .)
    ARTICLES        reduce using rule 37 (VP -> PRONOUNS VERBS VERBS ADVERBS NOUNS .)
    NOUNS           reduce using rule 37 (VP -> PRONOUNS VERBS VERBS ADVERBS NOUNS .)
    DETERMINANT     reduce using rule 37 (VP -> PRONOUNS VERBS VERBS ADVERBS NOUNS .)
    ADVERBS         reduce using rule 37 (VP -> PRONOUNS VERBS VERBS ADVERBS NOUNS .)
    PREPOSITIONS    reduce using rule 37 (VP -> PRONOUNS VERBS VERBS ADVERBS NOUNS .)
    PUNCTUATION     reduce using rule 37 (VP -> PRONOUNS VERBS VERBS ADVERBS NOUNS .)
    RPAREN          reduce using rule 37 (VP -> PRONOUNS VERBS VERBS ADVERBS NOUNS .)


state 141

    (39) VP -> ARTICLES NOUNS VERBS ADVERBS VERBS . VERBS DETERMINANT

    VERBS           shift and go to state 151


state 142

    (3) S -> ADVP LPAREN INTERJECTIONS NP RPAREN PUNCTUATION .

    $end            reduce using rule 3 (S -> ADVP LPAREN INTERJECTIONS NP RPAREN PUNCTUATION .)


state 143

    (19) S -> ADVP LPAREN INTERJECTIONS NOUNS RPAREN PUNCTUATION .

    $end            reduce using rule 19 (S -> ADVP LPAREN INTERJECTIONS NOUNS RPAREN PUNCTUATION .)


state 144

    (9) S -> ADVP VP PP LPAREN ADVP RPAREN . PUNCTUATION

    PUNCTUATION     shift and go to state 152


state 145

    (53) PP -> PREPOSITIONS ARTICLES NOUNS PREPOSITIONS NOUNS . DETERMINANT

    DETERMINANT     shift and go to state 153


state 146

    (20) S -> VP VP VP ADJP LPAREN ADVP . RPAREN PUNCTUATION

    RPAREN          shift and go to state 154


state 147

    (8) S -> VP VP ADJP LPAREN ADVP RPAREN . PUNCTUATION

    PUNCTUATION     shift and go to state 155


state 148

    (21) S -> VP CP LPAREN CONJUNCTIONS VP RPAREN . PUNCTUATION

    PUNCTUATION     shift and go to state 156


state 149

    (12) S -> VP LPAREN VP PP RPAREN PUNCTUATION .

    $end            reduce using rule 12 (S -> VP LPAREN VP PP RPAREN PUNCTUATION .)


state 150

    (22) S -> VP LPAREN VERBS VERBS PP RPAREN . PUNCTUATION

    PUNCTUATION     shift and go to state 157


state 151

    (39) VP -> ARTICLES NOUNS VERBS ADVERBS VERBS VERBS . DETERMINANT

    DETERMINANT     shift and go to state 158


state 152

    (9) S -> ADVP VP PP LPAREN ADVP RPAREN PUNCTUATION .

    $end            reduce using rule 9 (S -> ADVP VP PP LPAREN ADVP RPAREN PUNCTUATION .)


state 153

    (53) PP -> PREPOSITIONS ARTICLES NOUNS PREPOSITIONS NOUNS DETERMINANT .

    PUNCTUATION     reduce using rule 53 (PP -> PREPOSITIONS ARTICLES NOUNS PREPOSITIONS NOUNS DETERMINANT .)
    DETERMINANT     reduce using rule 53 (PP -> PREPOSITIONS ARTICLES NOUNS PREPOSITIONS NOUNS DETERMINANT .)
    ARTICLES        reduce using rule 53 (PP -> PREPOSITIONS ARTICLES NOUNS PREPOSITIONS NOUNS DETERMINANT .)
    PRONOUNS        reduce using rule 53 (PP -> PREPOSITIONS ARTICLES NOUNS PREPOSITIONS NOUNS DETERMINANT .)
    NOUNS           reduce using rule 53 (PP -> PREPOSITIONS ARTICLES NOUNS PREPOSITIONS NOUNS DETERMINANT .)
    LPAREN          reduce using rule 53 (PP -> PREPOSITIONS ARTICLES NOUNS PREPOSITIONS NOUNS DETERMINANT .)
    VERBS           reduce using rule 53 (PP -> PREPOSITIONS ARTICLES NOUNS PREPOSITIONS NOUNS DETERMINANT .)
    PREPOSITIONS    reduce using rule 53 (PP -> PREPOSITIONS ARTICLES NOUNS PREPOSITIONS NOUNS DETERMINANT .)
    RPAREN          reduce using rule 53 (PP -> PREPOSITIONS ARTICLES NOUNS PREPOSITIONS NOUNS DETERMINANT .)
    CONJUNCTIONS    reduce using rule 53 (PP -> PREPOSITIONS ARTICLES NOUNS PREPOSITIONS NOUNS DETERMINANT .)
    ADVERBS         reduce using rule 53 (PP -> PREPOSITIONS ARTICLES NOUNS PREPOSITIONS NOUNS DETERMINANT .)


state 154

    (20) S -> VP VP VP ADJP LPAREN ADVP RPAREN . PUNCTUATION

    PUNCTUATION     shift and go to state 159


state 155

    (8) S -> VP VP ADJP LPAREN ADVP RPAREN PUNCTUATION .

    $end            reduce using rule 8 (S -> VP VP ADJP LPAREN ADVP RPAREN PUNCTUATION .)


state 156

    (21) S -> VP CP LPAREN CONJUNCTIONS VP RPAREN PUNCTUATION .

    $end            reduce using rule 21 (S -> VP CP LPAREN CONJUNCTIONS VP RPAREN PUNCTUATION .)


state 157

    (22) S -> VP LPAREN VERBS VERBS PP RPAREN PUNCTUATION .

    $end            reduce using rule 22 (S -> VP LPAREN VERBS VERBS PP RPAREN PUNCTUATION .)


state 158

    (39) VP -> ARTICLES NOUNS VERBS ADVERBS VERBS VERBS DETERMINANT .

    LPAREN          reduce using rule 39 (VP -> ARTICLES NOUNS VERBS ADVERBS VERBS VERBS DETERMINANT .)
    CONJUNCTIONS    reduce using rule 39 (VP -> ARTICLES NOUNS VERBS ADVERBS VERBS VERBS DETERMINANT .)
    VERBS           reduce using rule 39 (VP -> ARTICLES NOUNS VERBS ADVERBS VERBS VERBS DETERMINANT .)
    PRONOUNS        reduce using rule 39 (VP -> ARTICLES NOUNS VERBS ADVERBS VERBS VERBS DETERMINANT .)
    ARTICLES        reduce using rule 39 (VP -> ARTICLES NOUNS VERBS ADVERBS VERBS VERBS DETERMINANT .)
    NOUNS           reduce using rule 39 (VP -> ARTICLES NOUNS VERBS ADVERBS VERBS VERBS DETERMINANT .)
    DETERMINANT     reduce using rule 39 (VP -> ARTICLES NOUNS VERBS ADVERBS VERBS VERBS DETERMINANT .)
    ADVERBS         reduce using rule 39 (VP -> ARTICLES NOUNS VERBS ADVERBS VERBS VERBS DETERMINANT .)
    PREPOSITIONS    reduce using rule 39 (VP -> ARTICLES NOUNS VERBS ADVERBS VERBS VERBS DETERMINANT .)
    PUNCTUATION     reduce using rule 39 (VP -> ARTICLES NOUNS VERBS ADVERBS VERBS VERBS DETERMINANT .)
    RPAREN          reduce using rule 39 (VP -> ARTICLES NOUNS VERBS ADVERBS VERBS VERBS DETERMINANT .)


state 159

    (20) S -> VP VP VP ADJP LPAREN ADVP RPAREN PUNCTUATION .

    $end            reduce using rule 20 (S -> VP VP VP ADJP LPAREN ADVP RPAREN PUNCTUATION .)

WARNING: 
WARNING: Conflicts:
WARNING: 
WARNING: shift/reduce conflict for VERBS in state 30 resolved as shift
WARNING: shift/reduce conflict for NOUNS in state 32 resolved as shift
WARNING: shift/reduce conflict for DETERMINANT in state 35 resolved as shift
WARNING: shift/reduce conflict for ARTICLES in state 35 resolved as shift
WARNING: shift/reduce conflict for PRONOUNS in state 35 resolved as shift
WARNING: shift/reduce conflict for NOUNS in state 35 resolved as shift
WARNING: shift/reduce conflict for PRONOUNS in state 37 resolved as shift
WARNING: shift/reduce conflict for VERBS in state 37 resolved as shift
WARNING: shift/reduce conflict for VERBS in state 44 resolved as shift
WARNING: shift/reduce conflict for PRONOUNS in state 44 resolved as shift
WARNING: shift/reduce conflict for ARTICLES in state 44 resolved as shift
WARNING: shift/reduce conflict for PREPOSITIONS in state 47 resolved as shift
WARNING: shift/reduce conflict for NOUNS in state 82 resolved as shift
WARNING: shift/reduce conflict for PREPOSITIONS in state 98 resolved as shift
WARNING: shift/reduce conflict for PREPOSITIONS in state 98 resolved as shift
WARNING: shift/reduce conflict for NOUNS in state 100 resolved as shift
WARNING: shift/reduce conflict for NOUNS in state 118 resolved as shift
WARNING: reduce/reduce conflict in state 98 resolved using rule (NP -> ARTICLES NOUNS)
WARNING: rejected rule (PP -> PREPOSITIONS ARTICLES NOUNS) in state 98
WARNING: Rule (PP -> PREPOSITIONS ARTICLES NOUNS) is never reduced
